[0.338s] Invoking command in '/home/pc/intelrb_ws/build/kinova_control': PYTHONPATH=/home/pc/intelrb_ws/build/kinova_control/prefix_override:/usr/lib/python3/dist-packages/colcon_core/task/python/colcon_distutils_commands:/home/pc/intelrb_ws/install/kinova_control/lib/python3.10/site-packages:${PYTHONPATH} /usr/bin/python3 -W ignore:setup.py install is deprecated -W ignore:easy_install command is deprecated setup.py develop --uninstall --editable --build-directory /home/pc/intelrb_ws/build/kinova_control/build
[0.476s] running develop
[0.567s] Removing /home/pc/intelrb_ws/install/kinova_control/lib/python3.10/site-packages/kinova-control.egg-link (link to .)
[0.579s] Invoked command in '/home/pc/intelrb_ws/build/kinova_control' returned '0': PYTHONPATH=/home/pc/intelrb_ws/build/kinova_control/prefix_override:/usr/lib/python3/dist-packages/colcon_core/task/python/colcon_distutils_commands:/home/pc/intelrb_ws/install/kinova_control/lib/python3.10/site-packages:${PYTHONPATH} /usr/bin/python3 -W ignore:setup.py install is deprecated -W ignore:easy_install command is deprecated setup.py develop --uninstall --editable --build-directory /home/pc/intelrb_ws/build/kinova_control/build
[0.580s] Invoking command in '/home/pc/intelrb_ws/src/kinova_control': PYTHONPATH=/home/pc/intelrb_ws/build/kinova_control/prefix_override:/usr/lib/python3/dist-packages/colcon_core/task/python/colcon_distutils_commands:/home/pc/intelrb_ws/install/kinova_control/lib/python3.10/site-packages:${PYTHONPATH} /usr/bin/python3 -W ignore:setup.py install is deprecated -W ignore:easy_install command is deprecated setup.py egg_info --egg-base ../../build/kinova_control build --build-base /home/pc/intelrb_ws/build/kinova_control/build install --record /home/pc/intelrb_ws/build/kinova_control/install.log --single-version-externally-managed install_data --force
[0.701s] running egg_info
[0.701s] writing ../../build/kinova_control/kinova_control.egg-info/PKG-INFO
[0.701s] writing dependency_links to ../../build/kinova_control/kinova_control.egg-info/dependency_links.txt
[0.701s] writing entry points to ../../build/kinova_control/kinova_control.egg-info/entry_points.txt
[0.701s] writing requirements to ../../build/kinova_control/kinova_control.egg-info/requires.txt
[0.701s] writing top-level names to ../../build/kinova_control/kinova_control.egg-info/top_level.txt
[0.702s] reading manifest file '../../build/kinova_control/kinova_control.egg-info/SOURCES.txt'
[0.710s] writing manifest file '../../build/kinova_control/kinova_control.egg-info/SOURCES.txt'
[0.710s] running build
[0.710s] running build_py
[0.710s] copying kinova_control/vision_node.py -> /home/pc/intelrb_ws/build/kinova_control/build/lib/kinova_control
[0.710s] copying kinova_control/pose_calculator_node.py -> /home/pc/intelrb_ws/build/kinova_control/build/lib/kinova_control
[0.710s] running install
[0.710s] running install_lib
[0.711s] copying /home/pc/intelrb_ws/build/kinova_control/build/lib/kinova_control/vision_node.py -> /home/pc/intelrb_ws/install/kinova_control/lib/python3.10/site-packages/kinova_control
[0.711s] copying /home/pc/intelrb_ws/build/kinova_control/build/lib/kinova_control/__init__.py -> /home/pc/intelrb_ws/install/kinova_control/lib/python3.10/site-packages/kinova_control
[0.711s] copying /home/pc/intelrb_ws/build/kinova_control/build/lib/kinova_control/kinova_driver_node.py -> /home/pc/intelrb_ws/install/kinova_control/lib/python3.10/site-packages/kinova_control
[0.711s] copying /home/pc/intelrb_ws/build/kinova_control/build/lib/kinova_control/pose_calculator_node.py -> /home/pc/intelrb_ws/install/kinova_control/lib/python3.10/site-packages/kinova_control
[0.711s] copying /home/pc/intelrb_ws/build/kinova_control/build/lib/kinova_control/utilities.py -> /home/pc/intelrb_ws/install/kinova_control/lib/python3.10/site-packages/kinova_control
[0.711s] byte-compiling /home/pc/intelrb_ws/install/kinova_control/lib/python3.10/site-packages/kinova_control/vision_node.py to vision_node.cpython-310.pyc
[0.712s] byte-compiling /home/pc/intelrb_ws/install/kinova_control/lib/python3.10/site-packages/kinova_control/__init__.py to __init__.cpython-310.pyc
[0.712s] byte-compiling /home/pc/intelrb_ws/install/kinova_control/lib/python3.10/site-packages/kinova_control/kinova_driver_node.py to kinova_driver_node.cpython-310.pyc
[0.712s] byte-compiling /home/pc/intelrb_ws/install/kinova_control/lib/python3.10/site-packages/kinova_control/pose_calculator_node.py to pose_calculator_node.cpython-310.pyc
[0.713s] byte-compiling /home/pc/intelrb_ws/install/kinova_control/lib/python3.10/site-packages/kinova_control/utilities.py to utilities.cpython-310.pyc
[0.713s] running install_data
[0.713s] copying resource/kinova_control -> /home/pc/intelrb_ws/install/kinova_control/share/ament_index/resource_index/packages
[0.713s] copying package.xml -> /home/pc/intelrb_ws/install/kinova_control/share/kinova_control
[0.713s] running install_egg_info
[0.714s] Copying ../../build/kinova_control/kinova_control.egg-info to /home/pc/intelrb_ws/install/kinova_control/lib/python3.10/site-packages/kinova_control-0.0.0-py3.10.egg-info
[0.714s] running install_scripts
[0.726s] Installing kinova_driver_node script to /home/pc/intelrb_ws/install/kinova_control/lib/kinova_control
[0.726s] Installing pose_calculator_node script to /home/pc/intelrb_ws/install/kinova_control/lib/kinova_control
[0.726s] Installing test_node script to /home/pc/intelrb_ws/install/kinova_control/lib/kinova_control
[0.726s] Installing vision_node script to /home/pc/intelrb_ws/install/kinova_control/lib/kinova_control
[0.726s] writing list of installed files to '/home/pc/intelrb_ws/build/kinova_control/install.log'
[0.737s] Invoked command in '/home/pc/intelrb_ws/src/kinova_control' returned '0': PYTHONPATH=/home/pc/intelrb_ws/build/kinova_control/prefix_override:/usr/lib/python3/dist-packages/colcon_core/task/python/colcon_distutils_commands:/home/pc/intelrb_ws/install/kinova_control/lib/python3.10/site-packages:${PYTHONPATH} /usr/bin/python3 -W ignore:setup.py install is deprecated -W ignore:easy_install command is deprecated setup.py egg_info --egg-base ../../build/kinova_control build --build-base /home/pc/intelrb_ws/build/kinova_control/build install --record /home/pc/intelrb_ws/build/kinova_control/install.log --single-version-externally-managed install_data --force
