[0.340s] Invoking command in '/home/pc/intelrb_ws/src/kinova_control': AMENT_PREFIX_PATH=/home/pc/intelrb_ws/install/kinova_msgs:${AMENT_PREFIX_PATH} CMAKE_PREFIX_PATH=/home/pc/intelrb_ws/install/kinova_msgs:${CMAKE_PREFIX_PATH} LD_LIBRARY_PATH=/home/pc/intelrb_ws/install/kinova_msgs/lib:${LD_LIBRARY_PATH} PYTHONPATH=/home/pc/intelrb_ws/build/kinova_control/prefix_override:/usr/lib/python3/dist-packages/colcon_core/task/python/colcon_distutils_commands:/home/pc/intelrb_ws/install/kinova_control/lib/python3.10/site-packages:/home/pc/intelrb_ws/install/kinova_msgs/local/lib/python3.10/dist-packages:${PYTHONPATH} /usr/bin/python3 -W ignore:setup.py install is deprecated -W ignore:easy_install command is deprecated setup.py egg_info --egg-base ../../build/kinova_control build --build-base /home/pc/intelrb_ws/build/kinova_control/build install --record /home/pc/intelrb_ws/build/kinova_control/install.log --single-version-externally-managed install_data
[0.463s] running egg_info
[0.464s] creating ../../build/kinova_control/kinova_control.egg-info
[0.464s] writing ../../build/kinova_control/kinova_control.egg-info/PKG-INFO
[0.464s] writing dependency_links to ../../build/kinova_control/kinova_control.egg-info/dependency_links.txt
[0.464s] writing entry points to ../../build/kinova_control/kinova_control.egg-info/entry_points.txt
[0.464s] writing requirements to ../../build/kinova_control/kinova_control.egg-info/requires.txt
[0.464s] writing top-level names to ../../build/kinova_control/kinova_control.egg-info/top_level.txt
[0.464s] writing manifest file '../../build/kinova_control/kinova_control.egg-info/SOURCES.txt'
[0.465s] reading manifest file '../../build/kinova_control/kinova_control.egg-info/SOURCES.txt'
[0.465s] writing manifest file '../../build/kinova_control/kinova_control.egg-info/SOURCES.txt'
[0.465s] running build
[0.465s] running build_py
[0.465s] creating /home/pc/intelrb_ws/build/kinova_control/build
[0.465s] creating /home/pc/intelrb_ws/build/kinova_control/build/lib
[0.465s] creating /home/pc/intelrb_ws/build/kinova_control/build/lib/kinova_control
[0.466s] copying kinova_control/__init__.py -> /home/pc/intelrb_ws/build/kinova_control/build/lib/kinova_control
[0.466s] copying kinova_control/kinova_driver_node.py -> /home/pc/intelrb_ws/build/kinova_control/build/lib/kinova_control
[0.466s] copying kinova_control/test_node.py -> /home/pc/intelrb_ws/build/kinova_control/build/lib/kinova_control
[0.466s] copying kinova_control/utilities.py -> /home/pc/intelrb_ws/build/kinova_control/build/lib/kinova_control
[0.466s] running install
[0.466s] running install_lib
[0.466s] creating /home/pc/intelrb_ws/install/kinova_control/lib/python3.10/site-packages/kinova_control
[0.466s] copying /home/pc/intelrb_ws/build/kinova_control/build/lib/kinova_control/__init__.py -> /home/pc/intelrb_ws/install/kinova_control/lib/python3.10/site-packages/kinova_control
[0.466s] copying /home/pc/intelrb_ws/build/kinova_control/build/lib/kinova_control/kinova_driver_node.py -> /home/pc/intelrb_ws/install/kinova_control/lib/python3.10/site-packages/kinova_control
[0.466s] copying /home/pc/intelrb_ws/build/kinova_control/build/lib/kinova_control/test_node.py -> /home/pc/intelrb_ws/install/kinova_control/lib/python3.10/site-packages/kinova_control
[0.467s] copying /home/pc/intelrb_ws/build/kinova_control/build/lib/kinova_control/utilities.py -> /home/pc/intelrb_ws/install/kinova_control/lib/python3.10/site-packages/kinova_control
[0.467s] byte-compiling /home/pc/intelrb_ws/install/kinova_control/lib/python3.10/site-packages/kinova_control/__init__.py to __init__.cpython-310.pyc
[0.467s] byte-compiling /home/pc/intelrb_ws/install/kinova_control/lib/python3.10/site-packages/kinova_control/kinova_driver_node.py to kinova_driver_node.cpython-310.pyc
[0.468s] byte-compiling /home/pc/intelrb_ws/install/kinova_control/lib/python3.10/site-packages/kinova_control/test_node.py to test_node.cpython-310.pyc
[0.468s] byte-compiling /home/pc/intelrb_ws/install/kinova_control/lib/python3.10/site-packages/kinova_control/utilities.py to utilities.cpython-310.pyc
[0.469s] running install_data
[0.469s] creating /home/pc/intelrb_ws/install/kinova_control/share/ament_index
[0.469s] creating /home/pc/intelrb_ws/install/kinova_control/share/ament_index/resource_index
[0.469s] creating /home/pc/intelrb_ws/install/kinova_control/share/ament_index/resource_index/packages
[0.469s] copying resource/kinova_control -> /home/pc/intelrb_ws/install/kinova_control/share/ament_index/resource_index/packages
[0.469s] copying package.xml -> /home/pc/intelrb_ws/install/kinova_control/share/kinova_control
[0.469s] running install_egg_info
[0.470s] Copying ../../build/kinova_control/kinova_control.egg-info to /home/pc/intelrb_ws/install/kinova_control/lib/python3.10/site-packages/kinova_control-0.0.0-py3.10.egg-info
[0.470s] running install_scripts
[0.481s] Installing kinova_driver_node script to /home/pc/intelrb_ws/install/kinova_control/lib/kinova_control
[0.481s] Installing test_node script to /home/pc/intelrb_ws/install/kinova_control/lib/kinova_control
[0.481s] writing list of installed files to '/home/pc/intelrb_ws/build/kinova_control/install.log'
[0.492s] Invoked command in '/home/pc/intelrb_ws/src/kinova_control' returned '0': AMENT_PREFIX_PATH=/home/pc/intelrb_ws/install/kinova_msgs:${AMENT_PREFIX_PATH} CMAKE_PREFIX_PATH=/home/pc/intelrb_ws/install/kinova_msgs:${CMAKE_PREFIX_PATH} LD_LIBRARY_PATH=/home/pc/intelrb_ws/install/kinova_msgs/lib:${LD_LIBRARY_PATH} PYTHONPATH=/home/pc/intelrb_ws/build/kinova_control/prefix_override:/usr/lib/python3/dist-packages/colcon_core/task/python/colcon_distutils_commands:/home/pc/intelrb_ws/install/kinova_control/lib/python3.10/site-packages:/home/pc/intelrb_ws/install/kinova_msgs/local/lib/python3.10/dist-packages:${PYTHONPATH} /usr/bin/python3 -W ignore:setup.py install is deprecated -W ignore:easy_install command is deprecated setup.py egg_info --egg-base ../../build/kinova_control build --build-base /home/pc/intelrb_ws/build/kinova_control/build install --record /home/pc/intelrb_ws/build/kinova_control/install.log --single-version-externally-managed install_data
