-- Found ament_cmake: 1.3.12 (/opt/ros/humble/share/ament_cmake/cmake)
-- Found rosidl_default_generators: 1.2.0 (/opt/ros/humble/share/rosidl_default_generators/cmake)
-- Using all available rosidl_typesupport_c: rosidl_typesupport_fastrtps_c;rosidl_typesupport_introspection_c
-- Found rosidl_adapter: 3.1.7 (/opt/ros/humble/share/rosidl_adapter/cmake)
-- Using all available rosidl_typesupport_cpp: rosidl_typesupport_fastrtps_cpp;rosidl_typesupport_introspection_cpp
-- Found ament_lint_auto: 0.12.14 (/opt/ros/humble/share/ament_lint_auto/cmake)
-- Found ament_cmake_ros: 0.10.0 (/opt/ros/humble/share/ament_cmake_ros/cmake)
-- Using all available rosidl_typesupport_c: rosidl_typesupport_fastrtps_c;rosidl_typesupport_introspection_c
-- Using all available rosidl_typesupport_cpp: rosidl_typesupport_fastrtps_cpp;rosidl_typesupport_introspection_cpp
-- Found python_cmake_module: 0.10.0 (/opt/ros/humble/share/python_cmake_module/cmake)
-- Using PYTHON_EXECUTABLE: /usr/bin/python3
-- Using PYTHON_INCLUDE_DIRS: /usr/include/python3.10
-- Using PYTHON_LIBRARIES: /usr/lib/x86_64-linux-gnu/libpython3.10.so
-- Added test 'lint_cmake' to check CMake code style
-- Added test 'xmllint' to check XML markup files
-- Configuring done
-- Generating done
-- Build files have been written to: /home/pc/intelrb_ws/build/kinova_msgs
[  2%] [34m[1mGenerating C code for ROS interfaces[0m
[  5%] [34m[1mGenerating C++ code for ROS interfaces[0m
[  5%] Built target ament_cmake_python_copy_kinova_msgs
running egg_info
writing kinova_msgs.egg-info/PKG-INFO
writing dependency_links to kinova_msgs.egg-info/dependency_links.txt
writing top-level names to kinova_msgs.egg-info/top_level.txt
reading manifest file 'kinova_msgs.egg-info/SOURCES.txt'
writing manifest file 'kinova_msgs.egg-info/SOURCES.txt'
[35m[1mConsolidate compiler generated dependencies of target kinova_msgs__rosidl_generator_c[0m
[  5%] Built target ament_cmake_python_build_kinova_msgs_egg
[  5%] Built target kinova_msgs__cpp
[ 10%] [32mBuilding C object CMakeFiles/kinova_msgs__rosidl_generator_c.dir/rosidl_generator_c/kinova_msgs/msg/detail/kinova_command__functions.c.o[0m
[ 10%] [32mBuilding C object CMakeFiles/kinova_msgs__rosidl_generator_c.dir/rosidl_generator_c/kinova_msgs/srv/detail/kinova_executor__functions.c.o[0m
[ 12%] [34m[1mGenerating C++ type support dispatch for ROS interfaces[0m
[ 15%] [34m[1mGenerating C++ type support for eProsima Fast-RTPS[0m
[ 17%] [34m[1mGenerating C++ introspection for ROS interfaces[0m
[ 20%] [32m[1mLinking C shared library libkinova_msgs__rosidl_generator_c.so[0m
[ 20%] Built target kinova_msgs__rosidl_generator_c
[ 28%] [34m[1mGenerating C introspection for ROS interfaces[0m
[ 28%] [34m[1mGenerating C type support dispatch for ROS interfaces[0m
[ 28%] [34m[1mGenerating C type support for eProsima Fast-RTPS[0m
[35m[1mConsolidate compiler generated dependencies of target kinova_msgs__rosidl_typesupport_cpp[0m
[ 30%] [32mBuilding CXX object CMakeFiles/kinova_msgs__rosidl_typesupport_cpp.dir/rosidl_typesupport_cpp/kinova_msgs/msg/kinova_command__type_support.cpp.o[0m
[ 33%] [32mBuilding CXX object CMakeFiles/kinova_msgs__rosidl_typesupport_cpp.dir/rosidl_typesupport_cpp/kinova_msgs/srv/kinova_executor__type_support.cpp.o[0m
[35m[1mConsolidate compiler generated dependencies of target kinova_msgs__rosidl_typesupport_introspection_cpp[0m
[ 38%] [32mBuilding CXX object CMakeFiles/kinova_msgs__rosidl_typesupport_introspection_cpp.dir/rosidl_typesupport_introspection_cpp/kinova_msgs/msg/detail/kinova_command__type_support.cpp.o[0m
[ 38%] [32mBuilding CXX object CMakeFiles/kinova_msgs__rosidl_typesupport_introspection_cpp.dir/rosidl_typesupport_introspection_cpp/kinova_msgs/srv/detail/kinova_executor__type_support.cpp.o[0m
[35m[1mConsolidate compiler generated dependencies of target kinova_msgs__rosidl_typesupport_fastrtps_cpp[0m
[ 43%] [32mBuilding CXX object CMakeFiles/kinova_msgs__rosidl_typesupport_fastrtps_cpp.dir/rosidl_typesupport_fastrtps_cpp/kinova_msgs/msg/detail/dds_fastrtps/kinova_command__type_support.cpp.o[0m
[ 43%] [32mBuilding CXX object CMakeFiles/kinova_msgs__rosidl_typesupport_fastrtps_cpp.dir/rosidl_typesupport_fastrtps_cpp/kinova_msgs/srv/detail/dds_fastrtps/kinova_executor__type_support.cpp.o[0m
[35m[1mConsolidate compiler generated dependencies of target kinova_msgs__rosidl_typesupport_c[0m
[ 48%] [32mBuilding CXX object CMakeFiles/kinova_msgs__rosidl_typesupport_c.dir/rosidl_typesupport_c/kinova_msgs/srv/kinova_executor__type_support.cpp.o[0m
[ 48%] [32mBuilding CXX object CMakeFiles/kinova_msgs__rosidl_typesupport_c.dir/rosidl_typesupport_c/kinova_msgs/msg/kinova_command__type_support.cpp.o[0m
[ 51%] [32m[1mLinking CXX shared library libkinova_msgs__rosidl_typesupport_c.so[0m
[35m[1mConsolidate compiler generated dependencies of target kinova_msgs__rosidl_typesupport_fastrtps_c[0m
[ 53%] [32m[1mLinking CXX shared library libkinova_msgs__rosidl_typesupport_cpp.so[0m
[ 53%] Built target kinova_msgs__rosidl_typesupport_c
[ 56%] [32mBuilding CXX object CMakeFiles/kinova_msgs__rosidl_typesupport_fastrtps_c.dir/rosidl_typesupport_fastrtps_c/kinova_msgs/msg/detail/kinova_command__type_support_c.cpp.o[0m
[ 58%] [32mBuilding CXX object CMakeFiles/kinova_msgs__rosidl_typesupport_fastrtps_c.dir/rosidl_typesupport_fastrtps_c/kinova_msgs/srv/detail/kinova_executor__type_support_c.cpp.o[0m
[ 58%] Built target kinova_msgs__rosidl_typesupport_cpp
[35m[1mConsolidate compiler generated dependencies of target kinova_msgs__rosidl_typesupport_introspection_c[0m
[ 64%] [32mBuilding C object CMakeFiles/kinova_msgs__rosidl_typesupport_introspection_c.dir/rosidl_typesupport_introspection_c/kinova_msgs/srv/detail/kinova_executor__type_support.c.o[0m
[ 64%] [32mBuilding C object CMakeFiles/kinova_msgs__rosidl_typesupport_introspection_c.dir/rosidl_typesupport_introspection_c/kinova_msgs/msg/detail/kinova_command__type_support.c.o[0m
[ 66%] [32m[1mLinking C shared library libkinova_msgs__rosidl_typesupport_introspection_c.so[0m
[ 66%] Built target kinova_msgs__rosidl_typesupport_introspection_c
[ 69%] [32m[1mLinking CXX shared library libkinova_msgs__rosidl_typesupport_introspection_cpp.so[0m
[ 71%] [32m[1mLinking CXX shared library libkinova_msgs__rosidl_typesupport_fastrtps_cpp.so[0m
[ 71%] Built target kinova_msgs__rosidl_typesupport_introspection_cpp
[ 74%] [32m[1mLinking CXX shared library libkinova_msgs__rosidl_typesupport_fastrtps_c.so[0m
[ 74%] Built target kinova_msgs__rosidl_typesupport_fastrtps_cpp
[ 74%] Built target kinova_msgs__rosidl_typesupport_fastrtps_c
[ 74%] Built target kinova_msgs
[ 76%] [34m[1mGenerating Python code for ROS interfaces[0m
[ 76%] Built target kinova_msgs__py
[35m[1mConsolidate compiler generated dependencies of target kinova_msgs__rosidl_generator_py[0m
[ 79%] [32mBuilding C object CMakeFiles/kinova_msgs__rosidl_generator_py.dir/rosidl_generator_py/kinova_msgs/srv/_kinova_executor_s.c.o[0m
[ 82%] [32mBuilding C object CMakeFiles/kinova_msgs__rosidl_generator_py.dir/rosidl_generator_py/kinova_msgs/msg/_kinova_command_s.c.o[0m
[ 84%] [32m[1mLinking C shared library rosidl_generator_py/kinova_msgs/libkinova_msgs__rosidl_generator_py.so[0m
[ 84%] Built target kinova_msgs__rosidl_generator_py
[35m[1mConsolidate compiler generated dependencies of target kinova_msgs__rosidl_typesupport_c__pyext[0m
[35m[1mConsolidate compiler generated dependencies of target kinova_msgs__rosidl_typesupport_introspection_c__pyext[0m
[35m[1mConsolidate compiler generated dependencies of target kinova_msgs__rosidl_typesupport_fastrtps_c__pyext[0m
[ 87%] [32mBuilding C object CMakeFiles/kinova_msgs__rosidl_typesupport_c__pyext.dir/rosidl_generator_py/kinova_msgs/_kinova_msgs_s.ep.rosidl_typesupport_c.c.o[0m
[ 89%] [32mBuilding C object CMakeFiles/kinova_msgs__rosidl_typesupport_introspection_c__pyext.dir/rosidl_generator_py/kinova_msgs/_kinova_msgs_s.ep.rosidl_typesupport_introspection_c.c.o[0m
[ 92%] [32mBuilding C object CMakeFiles/kinova_msgs__rosidl_typesupport_fastrtps_c__pyext.dir/rosidl_generator_py/kinova_msgs/_kinova_msgs_s.ep.rosidl_typesupport_fastrtps_c.c.o[0m
[ 94%] [32m[1mLinking C shared library rosidl_generator_py/kinova_msgs/kinova_msgs_s__rosidl_typesupport_c.cpython-310-x86_64-linux-gnu.so[0m
[ 97%] [32m[1mLinking C shared library rosidl_generator_py/kinova_msgs/kinova_msgs_s__rosidl_typesupport_fastrtps_c.cpython-310-x86_64-linux-gnu.so[0m
[100%] [32m[1mLinking C shared library rosidl_generator_py/kinova_msgs/kinova_msgs_s__rosidl_typesupport_introspection_c.cpython-310-x86_64-linux-gnu.so[0m
[100%] Built target kinova_msgs__rosidl_typesupport_c__pyext
[100%] Built target kinova_msgs__rosidl_typesupport_fastrtps_c__pyext
[100%] Built target kinova_msgs__rosidl_typesupport_introspection_c__pyext
-- Install configuration: ""
-- Installing: /home/pc/intelrb_ws/install/kinova_msgs/share/ament_index/resource_index/rosidl_interfaces/kinova_msgs
-- Up-to-date: /home/pc/intelrb_ws/install/kinova_msgs/include/kinova_msgs/kinova_msgs
-- Up-to-date: /home/pc/intelrb_ws/install/kinova_msgs/include/kinova_msgs/kinova_msgs/msg
-- Up-to-date: /home/pc/intelrb_ws/install/kinova_msgs/include/kinova_msgs/kinova_msgs/msg/rosidl_generator_c__visibility_control.h
-- Up-to-date: /home/pc/intelrb_ws/install/kinova_msgs/include/kinova_msgs/kinova_msgs/msg/detail
-- Installing: /home/pc/intelrb_ws/install/kinova_msgs/include/kinova_msgs/kinova_msgs/msg/detail/kinova_command__functions.h
-- Installing: /home/pc/intelrb_ws/install/kinova_msgs/include/kinova_msgs/kinova_msgs/msg/detail/kinova_command__type_support.h
-- Installing: /home/pc/intelrb_ws/install/kinova_msgs/include/kinova_msgs/kinova_msgs/msg/detail/kinova_command__struct.h
-- Installing: /home/pc/intelrb_ws/install/kinova_msgs/include/kinova_msgs/kinova_msgs/msg/detail/kinova_command__functions.c
-- Installing: /home/pc/intelrb_ws/install/kinova_msgs/include/kinova_msgs/kinova_msgs/msg/kinova_command.h
-- Installing: /home/pc/intelrb_ws/install/kinova_msgs/include/kinova_msgs/kinova_msgs/srv
-- Installing: /home/pc/intelrb_ws/install/kinova_msgs/include/kinova_msgs/kinova_msgs/srv/detail
-- Installing: /home/pc/intelrb_ws/install/kinova_msgs/include/kinova_msgs/kinova_msgs/srv/detail/kinova_executor__type_support.h
-- Installing: /home/pc/intelrb_ws/install/kinova_msgs/include/kinova_msgs/kinova_msgs/srv/detail/kinova_executor__functions.c
-- Installing: /home/pc/intelrb_ws/install/kinova_msgs/include/kinova_msgs/kinova_msgs/srv/detail/kinova_executor__functions.h
-- Installing: /home/pc/intelrb_ws/install/kinova_msgs/include/kinova_msgs/kinova_msgs/srv/detail/kinova_executor__struct.h
-- Installing: /home/pc/intelrb_ws/install/kinova_msgs/include/kinova_msgs/kinova_msgs/srv/kinova_executor.h
-- Up-to-date: /home/pc/intelrb_ws/install/kinova_msgs/share/kinova_msgs/environment/library_path.sh
-- Installing: /home/pc/intelrb_ws/install/kinova_msgs/share/kinova_msgs/environment/library_path.dsv
-- Installing: /home/pc/intelrb_ws/install/kinova_msgs/lib/libkinova_msgs__rosidl_generator_c.so
-- Set runtime path of "/home/pc/intelrb_ws/install/kinova_msgs/lib/libkinova_msgs__rosidl_generator_c.so" to ""
-- Up-to-date: /home/pc/intelrb_ws/install/kinova_msgs/include/kinova_msgs/kinova_msgs
-- Up-to-date: /home/pc/intelrb_ws/install/kinova_msgs/include/kinova_msgs/kinova_msgs/msg
-- Up-to-date: /home/pc/intelrb_ws/install/kinova_msgs/include/kinova_msgs/kinova_msgs/msg/detail
-- Installing: /home/pc/intelrb_ws/install/kinova_msgs/include/kinova_msgs/kinova_msgs/msg/detail/kinova_command__rosidl_typesupport_fastrtps_c.h
-- Up-to-date: /home/pc/intelrb_ws/install/kinova_msgs/include/kinova_msgs/kinova_msgs/msg/rosidl_typesupport_fastrtps_c__visibility_control.h
-- Up-to-date: /home/pc/intelrb_ws/install/kinova_msgs/include/kinova_msgs/kinova_msgs/srv
-- Up-to-date: /home/pc/intelrb_ws/install/kinova_msgs/include/kinova_msgs/kinova_msgs/srv/detail
-- Installing: /home/pc/intelrb_ws/install/kinova_msgs/include/kinova_msgs/kinova_msgs/srv/detail/kinova_executor__rosidl_typesupport_fastrtps_c.h
-- Installing: /home/pc/intelrb_ws/install/kinova_msgs/lib/libkinova_msgs__rosidl_typesupport_fastrtps_c.so
-- Set runtime path of "/home/pc/intelrb_ws/install/kinova_msgs/lib/libkinova_msgs__rosidl_typesupport_fastrtps_c.so" to ""
-- Up-to-date: /home/pc/intelrb_ws/install/kinova_msgs/include/kinova_msgs/kinova_msgs
-- Up-to-date: /home/pc/intelrb_ws/install/kinova_msgs/include/kinova_msgs/kinova_msgs/msg
-- Up-to-date: /home/pc/intelrb_ws/install/kinova_msgs/include/kinova_msgs/kinova_msgs/msg/detail
-- Installing: /home/pc/intelrb_ws/install/kinova_msgs/include/kinova_msgs/kinova_msgs/msg/detail/kinova_command__type_support.c
-- Installing: /home/pc/intelrb_ws/install/kinova_msgs/include/kinova_msgs/kinova_msgs/msg/detail/kinova_command__rosidl_typesupport_introspection_c.h
-- Up-to-date: /home/pc/intelrb_ws/install/kinova_msgs/include/kinova_msgs/kinova_msgs/msg/rosidl_typesupport_introspection_c__visibility_control.h
-- Up-to-date: /home/pc/intelrb_ws/install/kinova_msgs/include/kinova_msgs/kinova_msgs/srv
-- Up-to-date: /home/pc/intelrb_ws/install/kinova_msgs/include/kinova_msgs/kinova_msgs/srv/detail
-- Installing: /home/pc/intelrb_ws/install/kinova_msgs/include/kinova_msgs/kinova_msgs/srv/detail/kinova_executor__rosidl_typesupport_introspection_c.h
-- Installing: /home/pc/intelrb_ws/install/kinova_msgs/include/kinova_msgs/kinova_msgs/srv/detail/kinova_executor__type_support.c
-- Installing: /home/pc/intelrb_ws/install/kinova_msgs/lib/libkinova_msgs__rosidl_typesupport_introspection_c.so
-- Set runtime path of "/home/pc/intelrb_ws/install/kinova_msgs/lib/libkinova_msgs__rosidl_typesupport_introspection_c.so" to ""
-- Installing: /home/pc/intelrb_ws/install/kinova_msgs/lib/libkinova_msgs__rosidl_typesupport_c.so
-- Set runtime path of "/home/pc/intelrb_ws/install/kinova_msgs/lib/libkinova_msgs__rosidl_typesupport_c.so" to ""
-- Up-to-date: /home/pc/intelrb_ws/install/kinova_msgs/include/kinova_msgs/kinova_msgs
-- Up-to-date: /home/pc/intelrb_ws/install/kinova_msgs/include/kinova_msgs/kinova_msgs/msg
-- Up-to-date: /home/pc/intelrb_ws/install/kinova_msgs/include/kinova_msgs/kinova_msgs/msg/rosidl_generator_cpp__visibility_control.hpp
-- Up-to-date: /home/pc/intelrb_ws/install/kinova_msgs/include/kinova_msgs/kinova_msgs/msg/detail
-- Installing: /home/pc/intelrb_ws/install/kinova_msgs/include/kinova_msgs/kinova_msgs/msg/detail/kinova_command__struct.hpp
-- Installing: /home/pc/intelrb_ws/install/kinova_msgs/include/kinova_msgs/kinova_msgs/msg/detail/kinova_command__traits.hpp
-- Installing: /home/pc/intelrb_ws/install/kinova_msgs/include/kinova_msgs/kinova_msgs/msg/detail/kinova_command__type_support.hpp
-- Installing: /home/pc/intelrb_ws/install/kinova_msgs/include/kinova_msgs/kinova_msgs/msg/detail/kinova_command__builder.hpp
-- Installing: /home/pc/intelrb_ws/install/kinova_msgs/include/kinova_msgs/kinova_msgs/msg/kinova_command.hpp
-- Up-to-date: /home/pc/intelrb_ws/install/kinova_msgs/include/kinova_msgs/kinova_msgs/srv
-- Installing: /home/pc/intelrb_ws/install/kinova_msgs/include/kinova_msgs/kinova_msgs/srv/kinova_executor.hpp
-- Up-to-date: /home/pc/intelrb_ws/install/kinova_msgs/include/kinova_msgs/kinova_msgs/srv/detail
-- Installing: /home/pc/intelrb_ws/install/kinova_msgs/include/kinova_msgs/kinova_msgs/srv/detail/kinova_executor__struct.hpp
-- Installing: /home/pc/intelrb_ws/install/kinova_msgs/include/kinova_msgs/kinova_msgs/srv/detail/kinova_executor__type_support.hpp
-- Installing: /home/pc/intelrb_ws/install/kinova_msgs/include/kinova_msgs/kinova_msgs/srv/detail/kinova_executor__builder.hpp
-- Installing: /home/pc/intelrb_ws/install/kinova_msgs/include/kinova_msgs/kinova_msgs/srv/detail/kinova_executor__traits.hpp
-- Up-to-date: /home/pc/intelrb_ws/install/kinova_msgs/include/kinova_msgs/kinova_msgs
-- Up-to-date: /home/pc/intelrb_ws/install/kinova_msgs/include/kinova_msgs/kinova_msgs/msg
-- Up-to-date: /home/pc/intelrb_ws/install/kinova_msgs/include/kinova_msgs/kinova_msgs/msg/detail
-- Up-to-date: /home/pc/intelrb_ws/install/kinova_msgs/include/kinova_msgs/kinova_msgs/msg/detail/dds_fastrtps
-- Installing: /home/pc/intelrb_ws/install/kinova_msgs/include/kinova_msgs/kinova_msgs/msg/detail/kinova_command__rosidl_typesupport_fastrtps_cpp.hpp
-- Up-to-date: /home/pc/intelrb_ws/install/kinova_msgs/include/kinova_msgs/kinova_msgs/msg/rosidl_typesupport_fastrtps_cpp__visibility_control.h
-- Up-to-date: /home/pc/intelrb_ws/install/kinova_msgs/include/kinova_msgs/kinova_msgs/srv
-- Up-to-date: /home/pc/intelrb_ws/install/kinova_msgs/include/kinova_msgs/kinova_msgs/srv/detail
-- Installing: /home/pc/intelrb_ws/install/kinova_msgs/include/kinova_msgs/kinova_msgs/srv/detail/dds_fastrtps
-- Installing: /home/pc/intelrb_ws/install/kinova_msgs/include/kinova_msgs/kinova_msgs/srv/detail/kinova_executor__rosidl_typesupport_fastrtps_cpp.hpp
-- Installing: /home/pc/intelrb_ws/install/kinova_msgs/lib/libkinova_msgs__rosidl_typesupport_fastrtps_cpp.so
-- Set runtime path of "/home/pc/intelrb_ws/install/kinova_msgs/lib/libkinova_msgs__rosidl_typesupport_fastrtps_cpp.so" to ""
-- Up-to-date: /home/pc/intelrb_ws/install/kinova_msgs/include/kinova_msgs/kinova_msgs
-- Up-to-date: /home/pc/intelrb_ws/install/kinova_msgs/include/kinova_msgs/kinova_msgs/msg
-- Up-to-date: /home/pc/intelrb_ws/install/kinova_msgs/include/kinova_msgs/kinova_msgs/msg/detail
-- Installing: /home/pc/intelrb_ws/install/kinova_msgs/include/kinova_msgs/kinova_msgs/msg/detail/kinova_command__type_support.cpp
-- Installing: /home/pc/intelrb_ws/install/kinova_msgs/include/kinova_msgs/kinova_msgs/msg/detail/kinova_command__rosidl_typesupport_introspection_cpp.hpp
-- Up-to-date: /home/pc/intelrb_ws/install/kinova_msgs/include/kinova_msgs/kinova_msgs/srv
-- Up-to-date: /home/pc/intelrb_ws/install/kinova_msgs/include/kinova_msgs/kinova_msgs/srv/detail
-- Installing: /home/pc/intelrb_ws/install/kinova_msgs/include/kinova_msgs/kinova_msgs/srv/detail/kinova_executor__rosidl_typesupport_introspection_cpp.hpp
-- Installing: /home/pc/intelrb_ws/install/kinova_msgs/include/kinova_msgs/kinova_msgs/srv/detail/kinova_executor__type_support.cpp
-- Installing: /home/pc/intelrb_ws/install/kinova_msgs/lib/libkinova_msgs__rosidl_typesupport_introspection_cpp.so
-- Set runtime path of "/home/pc/intelrb_ws/install/kinova_msgs/lib/libkinova_msgs__rosidl_typesupport_introspection_cpp.so" to ""
-- Installing: /home/pc/intelrb_ws/install/kinova_msgs/lib/libkinova_msgs__rosidl_typesupport_cpp.so
-- Set runtime path of "/home/pc/intelrb_ws/install/kinova_msgs/lib/libkinova_msgs__rosidl_typesupport_cpp.so" to ""
-- Up-to-date: /home/pc/intelrb_ws/install/kinova_msgs/share/kinova_msgs/environment/pythonpath.sh
-- Installing: /home/pc/intelrb_ws/install/kinova_msgs/share/kinova_msgs/environment/pythonpath.dsv
-- Up-to-date: /home/pc/intelrb_ws/install/kinova_msgs/local/lib/python3.10/dist-packages/kinova_msgs-0.0.0-py3.10.egg-info
-- Installing: /home/pc/intelrb_ws/install/kinova_msgs/local/lib/python3.10/dist-packages/kinova_msgs-0.0.0-py3.10.egg-info/top_level.txt
-- Installing: /home/pc/intelrb_ws/install/kinova_msgs/local/lib/python3.10/dist-packages/kinova_msgs-0.0.0-py3.10.egg-info/dependency_links.txt
-- Installing: /home/pc/intelrb_ws/install/kinova_msgs/local/lib/python3.10/dist-packages/kinova_msgs-0.0.0-py3.10.egg-info/SOURCES.txt
-- Installing: /home/pc/intelrb_ws/install/kinova_msgs/local/lib/python3.10/dist-packages/kinova_msgs-0.0.0-py3.10.egg-info/PKG-INFO
-- Up-to-date: /home/pc/intelrb_ws/install/kinova_msgs/local/lib/python3.10/dist-packages/kinova_msgs
-- Up-to-date: /home/pc/intelrb_ws/install/kinova_msgs/local/lib/python3.10/dist-packages/kinova_msgs/msg
-- Installing: /home/pc/intelrb_ws/install/kinova_msgs/local/lib/python3.10/dist-packages/kinova_msgs/msg/__init__.py
-- Installing: /home/pc/intelrb_ws/install/kinova_msgs/local/lib/python3.10/dist-packages/kinova_msgs/msg/_kinova_command_s.c
-- Installing: /home/pc/intelrb_ws/install/kinova_msgs/local/lib/python3.10/dist-packages/kinova_msgs/msg/_kinova_command.py
-- Installing: /home/pc/intelrb_ws/install/kinova_msgs/local/lib/python3.10/dist-packages/kinova_msgs/__init__.py
-- Installing: /home/pc/intelrb_ws/install/kinova_msgs/local/lib/python3.10/dist-packages/kinova_msgs/_kinova_msgs_s.ep.rosidl_typesupport_c.c
-- Installing: /home/pc/intelrb_ws/install/kinova_msgs/local/lib/python3.10/dist-packages/kinova_msgs/srv
-- Installing: /home/pc/intelrb_ws/install/kinova_msgs/local/lib/python3.10/dist-packages/kinova_msgs/srv/_kinova_executor_s.c
-- Installing: /home/pc/intelrb_ws/install/kinova_msgs/local/lib/python3.10/dist-packages/kinova_msgs/srv/__init__.py
-- Installing: /home/pc/intelrb_ws/install/kinova_msgs/local/lib/python3.10/dist-packages/kinova_msgs/srv/_kinova_executor.py
-- Installing: /home/pc/intelrb_ws/install/kinova_msgs/local/lib/python3.10/dist-packages/kinova_msgs/kinova_msgs_s__rosidl_typesupport_c.cpython-310-x86_64-linux-gnu.so
-- Installing: /home/pc/intelrb_ws/install/kinova_msgs/local/lib/python3.10/dist-packages/kinova_msgs/_kinova_msgs_s.ep.rosidl_typesupport_introspection_c.c
-- Installing: /home/pc/intelrb_ws/install/kinova_msgs/local/lib/python3.10/dist-packages/kinova_msgs/kinova_msgs_s__rosidl_typesupport_fastrtps_c.cpython-310-x86_64-linux-gnu.so
-- Installing: /home/pc/intelrb_ws/install/kinova_msgs/local/lib/python3.10/dist-packages/kinova_msgs/_kinova_msgs_s.ep.rosidl_typesupport_fastrtps_c.c
-- Installing: /home/pc/intelrb_ws/install/kinova_msgs/local/lib/python3.10/dist-packages/kinova_msgs/kinova_msgs_s__rosidl_typesupport_introspection_c.cpython-310-x86_64-linux-gnu.so
-- Installing: /home/pc/intelrb_ws/install/kinova_msgs/local/lib/python3.10/dist-packages/kinova_msgs/libkinova_msgs__rosidl_generator_py.so
Listing '/home/pc/intelrb_ws/install/kinova_msgs/local/lib/python3.10/dist-packages/kinova_msgs'...
Compiling '/home/pc/intelrb_ws/install/kinova_msgs/local/lib/python3.10/dist-packages/kinova_msgs/__init__.py'...
Listing '/home/pc/intelrb_ws/install/kinova_msgs/local/lib/python3.10/dist-packages/kinova_msgs/msg'...
Compiling '/home/pc/intelrb_ws/install/kinova_msgs/local/lib/python3.10/dist-packages/kinova_msgs/msg/__init__.py'...
Compiling '/home/pc/intelrb_ws/install/kinova_msgs/local/lib/python3.10/dist-packages/kinova_msgs/msg/_kinova_command.py'...
Listing '/home/pc/intelrb_ws/install/kinova_msgs/local/lib/python3.10/dist-packages/kinova_msgs/srv'...
Compiling '/home/pc/intelrb_ws/install/kinova_msgs/local/lib/python3.10/dist-packages/kinova_msgs/srv/__init__.py'...
Compiling '/home/pc/intelrb_ws/install/kinova_msgs/local/lib/python3.10/dist-packages/kinova_msgs/srv/_kinova_executor.py'...
-- Installing: /home/pc/intelrb_ws/install/kinova_msgs/local/lib/python3.10/dist-packages/kinova_msgs/kinova_msgs_s__rosidl_typesupport_fastrtps_c.cpython-310-x86_64-linux-gnu.so
-- Set runtime path of "/home/pc/intelrb_ws/install/kinova_msgs/local/lib/python3.10/dist-packages/kinova_msgs/kinova_msgs_s__rosidl_typesupport_fastrtps_c.cpython-310-x86_64-linux-gnu.so" to ""
-- Installing: /home/pc/intelrb_ws/install/kinova_msgs/local/lib/python3.10/dist-packages/kinova_msgs/kinova_msgs_s__rosidl_typesupport_introspection_c.cpython-310-x86_64-linux-gnu.so
-- Set runtime path of "/home/pc/intelrb_ws/install/kinova_msgs/local/lib/python3.10/dist-packages/kinova_msgs/kinova_msgs_s__rosidl_typesupport_introspection_c.cpython-310-x86_64-linux-gnu.so" to ""
-- Installing: /home/pc/intelrb_ws/install/kinova_msgs/local/lib/python3.10/dist-packages/kinova_msgs/kinova_msgs_s__rosidl_typesupport_c.cpython-310-x86_64-linux-gnu.so
-- Set runtime path of "/home/pc/intelrb_ws/install/kinova_msgs/local/lib/python3.10/dist-packages/kinova_msgs/kinova_msgs_s__rosidl_typesupport_c.cpython-310-x86_64-linux-gnu.so" to ""
-- Installing: /home/pc/intelrb_ws/install/kinova_msgs/lib/libkinova_msgs__rosidl_generator_py.so
-- Set runtime path of "/home/pc/intelrb_ws/install/kinova_msgs/lib/libkinova_msgs__rosidl_generator_py.so" to ""
-- Up-to-date: /home/pc/intelrb_ws/install/kinova_msgs/share/kinova_msgs/msg/KinovaCommand.idl
-- Installing: /home/pc/intelrb_ws/install/kinova_msgs/share/kinova_msgs/srv/KinovaExecutor.idl
-- Up-to-date: /home/pc/intelrb_ws/install/kinova_msgs/share/kinova_msgs/msg/KinovaCommand.msg
-- Installing: /home/pc/intelrb_ws/install/kinova_msgs/share/kinova_msgs/srv/KinovaExecutor.srv
-- Installing: /home/pc/intelrb_ws/install/kinova_msgs/share/kinova_msgs/srv/KinovaExecutor_Request.msg
-- Installing: /home/pc/intelrb_ws/install/kinova_msgs/share/kinova_msgs/srv/KinovaExecutor_Response.msg
-- Up-to-date: /home/pc/intelrb_ws/install/kinova_msgs/share/ament_index/resource_index/package_run_dependencies/kinova_msgs
-- Installing: /home/pc/intelrb_ws/install/kinova_msgs/share/ament_index/resource_index/parent_prefix_path/kinova_msgs
-- Up-to-date: /home/pc/intelrb_ws/install/kinova_msgs/share/kinova_msgs/environment/ament_prefix_path.sh
-- Installing: /home/pc/intelrb_ws/install/kinova_msgs/share/kinova_msgs/environment/ament_prefix_path.dsv
-- Up-to-date: /home/pc/intelrb_ws/install/kinova_msgs/share/kinova_msgs/environment/path.sh
-- Installing: /home/pc/intelrb_ws/install/kinova_msgs/share/kinova_msgs/environment/path.dsv
-- Up-to-date: /home/pc/intelrb_ws/install/kinova_msgs/share/kinova_msgs/local_setup.bash
-- Up-to-date: /home/pc/intelrb_ws/install/kinova_msgs/share/kinova_msgs/local_setup.sh
-- Up-to-date: /home/pc/intelrb_ws/install/kinova_msgs/share/kinova_msgs/local_setup.zsh
-- Installing: /home/pc/intelrb_ws/install/kinova_msgs/share/kinova_msgs/local_setup.dsv
-- Installing: /home/pc/intelrb_ws/install/kinova_msgs/share/kinova_msgs/package.dsv
-- Up-to-date: /home/pc/intelrb_ws/install/kinova_msgs/share/ament_index/resource_index/packages/kinova_msgs
-- Up-to-date: /home/pc/intelrb_ws/install/kinova_msgs/share/kinova_msgs/cmake/export_kinova_msgs__rosidl_generator_cExport.cmake
-- Up-to-date: /home/pc/intelrb_ws/install/kinova_msgs/share/kinova_msgs/cmake/export_kinova_msgs__rosidl_generator_cExport-noconfig.cmake
-- Up-to-date: /home/pc/intelrb_ws/install/kinova_msgs/share/kinova_msgs/cmake/export_kinova_msgs__rosidl_typesupport_fastrtps_cExport.cmake
-- Up-to-date: /home/pc/intelrb_ws/install/kinova_msgs/share/kinova_msgs/cmake/export_kinova_msgs__rosidl_typesupport_fastrtps_cExport-noconfig.cmake
-- Up-to-date: /home/pc/intelrb_ws/install/kinova_msgs/share/kinova_msgs/cmake/kinova_msgs__rosidl_typesupport_introspection_cExport.cmake
-- Up-to-date: /home/pc/intelrb_ws/install/kinova_msgs/share/kinova_msgs/cmake/kinova_msgs__rosidl_typesupport_introspection_cExport-noconfig.cmake
-- Up-to-date: /home/pc/intelrb_ws/install/kinova_msgs/share/kinova_msgs/cmake/kinova_msgs__rosidl_typesupport_cExport.cmake
-- Up-to-date: /home/pc/intelrb_ws/install/kinova_msgs/share/kinova_msgs/cmake/kinova_msgs__rosidl_typesupport_cExport-noconfig.cmake
-- Up-to-date: /home/pc/intelrb_ws/install/kinova_msgs/share/kinova_msgs/cmake/export_kinova_msgs__rosidl_generator_cppExport.cmake
-- Up-to-date: /home/pc/intelrb_ws/install/kinova_msgs/share/kinova_msgs/cmake/export_kinova_msgs__rosidl_typesupport_fastrtps_cppExport.cmake
-- Up-to-date: /home/pc/intelrb_ws/install/kinova_msgs/share/kinova_msgs/cmake/export_kinova_msgs__rosidl_typesupport_fastrtps_cppExport-noconfig.cmake
-- Up-to-date: /home/pc/intelrb_ws/install/kinova_msgs/share/kinova_msgs/cmake/kinova_msgs__rosidl_typesupport_introspection_cppExport.cmake
-- Up-to-date: /home/pc/intelrb_ws/install/kinova_msgs/share/kinova_msgs/cmake/kinova_msgs__rosidl_typesupport_introspection_cppExport-noconfig.cmake
-- Up-to-date: /home/pc/intelrb_ws/install/kinova_msgs/share/kinova_msgs/cmake/kinova_msgs__rosidl_typesupport_cppExport.cmake
-- Up-to-date: /home/pc/intelrb_ws/install/kinova_msgs/share/kinova_msgs/cmake/kinova_msgs__rosidl_typesupport_cppExport-noconfig.cmake
-- Up-to-date: /home/pc/intelrb_ws/install/kinova_msgs/share/kinova_msgs/cmake/export_kinova_msgs__rosidl_generator_pyExport.cmake
-- Up-to-date: /home/pc/intelrb_ws/install/kinova_msgs/share/kinova_msgs/cmake/export_kinova_msgs__rosidl_generator_pyExport-noconfig.cmake
-- Installing: /home/pc/intelrb_ws/install/kinova_msgs/share/kinova_msgs/cmake/rosidl_cmake-extras.cmake
-- Up-to-date: /home/pc/intelrb_ws/install/kinova_msgs/share/kinova_msgs/cmake/ament_cmake_export_include_directories-extras.cmake
-- Up-to-date: /home/pc/intelrb_ws/install/kinova_msgs/share/kinova_msgs/cmake/ament_cmake_export_libraries-extras.cmake
-- Up-to-date: /home/pc/intelrb_ws/install/kinova_msgs/share/kinova_msgs/cmake/ament_cmake_export_targets-extras.cmake
-- Up-to-date: /home/pc/intelrb_ws/install/kinova_msgs/share/kinova_msgs/cmake/rosidl_cmake_export_typesupport_targets-extras.cmake
-- Up-to-date: /home/pc/intelrb_ws/install/kinova_msgs/share/kinova_msgs/cmake/ament_cmake_export_dependencies-extras.cmake
-- Up-to-date: /home/pc/intelrb_ws/install/kinova_msgs/share/kinova_msgs/cmake/rosidl_cmake_export_typesupport_libraries-extras.cmake
-- Up-to-date: /home/pc/intelrb_ws/install/kinova_msgs/share/kinova_msgs/cmake/kinova_msgsConfig.cmake
-- Up-to-date: /home/pc/intelrb_ws/install/kinova_msgs/share/kinova_msgs/cmake/kinova_msgsConfig-version.cmake
-- Up-to-date: /home/pc/intelrb_ws/install/kinova_msgs/share/kinova_msgs/package.xml
