[0.012s] Invoking command in '/home/pc/intelrb_ws/build/kinova_msgs': CMAKE_PREFIX_PATH=${CMAKE_PREFIX_PATH}:/home/pc/intelrb_ws/install/kinova_control:/home/pc/soomac_ws/install/dongsoo_vision_pkg:/home/pc/soomac_ws/install/dongsoo_control_pkg:/home/pc/zrobot_ws/install/arm_test_pkg:/home/pc/cont_ws/install/torque_test_pkg:/home/pc/cont_ws/install/pid_pkg:/home/pc/cont_ws/install/finger_pkg:/home/pc/cont_ws/install/control_continuum:/home/pc/mg_motor_ws/install/mg_test_pkg:/home/pc/mg_motor_ws/install/mg_motor_test:/home/pc/mg_motor_ws/install/homework_pkg:/home/pc/mg_motor_ws/install/head_moving:/opt/ros/humble /usr/bin/cmake --build /home/pc/intelrb_ws/build/kinova_msgs -- -j32 -l32
[0.041s] -- Found ament_cmake: 1.3.12 (/opt/ros/humble/share/ament_cmake/cmake)
[0.120s] -- Found rosidl_default_generators: 1.2.0 (/opt/ros/humble/share/rosidl_default_generators/cmake)
[0.122s] -- Using all available rosidl_typesupport_c: rosidl_typesupport_fastrtps_c;rosidl_typesupport_introspection_c
[0.124s] -- Found rosidl_adapter: 3.1.7 (/opt/ros/humble/share/rosidl_adapter/cmake)
[0.142s] -- Using all available rosidl_typesupport_cpp: rosidl_typesupport_fastrtps_cpp;rosidl_typesupport_introspection_cpp
[0.157s] -- Found ament_lint_auto: 0.12.14 (/opt/ros/humble/share/ament_lint_auto/cmake)
[0.318s] -- Found ament_cmake_ros: 0.10.0 (/opt/ros/humble/share/ament_cmake_ros/cmake)
[0.438s] -- Using all available rosidl_typesupport_c: rosidl_typesupport_fastrtps_c;rosidl_typesupport_introspection_c
[0.577s] -- Using all available rosidl_typesupport_cpp: rosidl_typesupport_fastrtps_cpp;rosidl_typesupport_introspection_cpp
[0.591s] -- Found python_cmake_module: 0.10.0 (/opt/ros/humble/share/python_cmake_module/cmake)
[0.605s] -- Using PYTHON_EXECUTABLE: /usr/bin/python3
[0.605s] -- Using PYTHON_INCLUDE_DIRS: /usr/include/python3.10
[0.605s] -- Using PYTHON_LIBRARIES: /usr/lib/x86_64-linux-gnu/libpython3.10.so
[0.614s] -- Added test 'lint_cmake' to check CMake code style
[0.615s] -- Added test 'xmllint' to check XML markup files
[0.617s] -- Configuring done
[0.630s] -- Generating done
[0.635s] -- Build files have been written to: /home/pc/intelrb_ws/build/kinova_msgs
[0.651s] [  2%] [34m[1mGenerating C code for ROS interfaces[0m
[0.655s] [  5%] [34m[1mGenerating C++ code for ROS interfaces[0m
[0.661s] [  5%] Built target ament_cmake_python_copy_kinova_msgs
[0.781s] running egg_info
[0.782s] writing kinova_msgs.egg-info/PKG-INFO
[0.782s] writing dependency_links to kinova_msgs.egg-info/dependency_links.txt
[0.782s] writing top-level names to kinova_msgs.egg-info/top_level.txt
[0.783s] reading manifest file 'kinova_msgs.egg-info/SOURCES.txt'
[0.783s] writing manifest file 'kinova_msgs.egg-info/SOURCES.txt'
[0.795s] [35m[1mConsolidate compiler generated dependencies of target kinova_msgs__rosidl_generator_c[0m
[0.798s] [  5%] Built target ament_cmake_python_build_kinova_msgs_egg
[0.798s] [  5%] Built target kinova_msgs__cpp
[0.804s] [ 10%] [32mBuilding C object CMakeFiles/kinova_msgs__rosidl_generator_c.dir/rosidl_generator_c/kinova_msgs/msg/detail/kinova_command__functions.c.o[0m
[0.804s] [ 10%] [32mBuilding C object CMakeFiles/kinova_msgs__rosidl_generator_c.dir/rosidl_generator_c/kinova_msgs/srv/detail/kinova_executor__functions.c.o[0m
[0.805s] [ 12%] [34m[1mGenerating C++ type support dispatch for ROS interfaces[0m
[0.805s] [ 15%] [34m[1mGenerating C++ type support for eProsima Fast-RTPS[0m
[0.805s] [ 17%] [34m[1mGenerating C++ introspection for ROS interfaces[0m
[0.869s] [ 20%] [32m[1mLinking C shared library libkinova_msgs__rosidl_generator_c.so[0m
[0.892s] [ 20%] Built target kinova_msgs__rosidl_generator_c
[0.899s] [ 28%] [34m[1mGenerating C introspection for ROS interfaces[0m
[0.899s] [ 28%] [34m[1mGenerating C type support dispatch for ROS interfaces[0m
[0.899s] [ 28%] [34m[1mGenerating C type support for eProsima Fast-RTPS[0m
[0.922s] [35m[1mConsolidate compiler generated dependencies of target kinova_msgs__rosidl_typesupport_cpp[0m
[0.933s] [ 30%] [32mBuilding CXX object CMakeFiles/kinova_msgs__rosidl_typesupport_cpp.dir/rosidl_typesupport_cpp/kinova_msgs/msg/kinova_command__type_support.cpp.o[0m
[0.933s] [ 33%] [32mBuilding CXX object CMakeFiles/kinova_msgs__rosidl_typesupport_cpp.dir/rosidl_typesupport_cpp/kinova_msgs/srv/kinova_executor__type_support.cpp.o[0m
[0.941s] [35m[1mConsolidate compiler generated dependencies of target kinova_msgs__rosidl_typesupport_introspection_cpp[0m
[0.949s] [ 38%] [32mBuilding CXX object CMakeFiles/kinova_msgs__rosidl_typesupport_introspection_cpp.dir/rosidl_typesupport_introspection_cpp/kinova_msgs/msg/detail/kinova_command__type_support.cpp.o[0m
[0.949s] [ 38%] [32mBuilding CXX object CMakeFiles/kinova_msgs__rosidl_typesupport_introspection_cpp.dir/rosidl_typesupport_introspection_cpp/kinova_msgs/srv/detail/kinova_executor__type_support.cpp.o[0m
[0.958s] [35m[1mConsolidate compiler generated dependencies of target kinova_msgs__rosidl_typesupport_fastrtps_cpp[0m
[0.967s] [ 43%] [32mBuilding CXX object CMakeFiles/kinova_msgs__rosidl_typesupport_fastrtps_cpp.dir/rosidl_typesupport_fastrtps_cpp/kinova_msgs/msg/detail/dds_fastrtps/kinova_command__type_support.cpp.o[0m
[0.967s] [ 43%] [32mBuilding CXX object CMakeFiles/kinova_msgs__rosidl_typesupport_fastrtps_cpp.dir/rosidl_typesupport_fastrtps_cpp/kinova_msgs/srv/detail/dds_fastrtps/kinova_executor__type_support.cpp.o[0m
[1.021s] [35m[1mConsolidate compiler generated dependencies of target kinova_msgs__rosidl_typesupport_c[0m
[1.028s] [ 48%] [32mBuilding CXX object CMakeFiles/kinova_msgs__rosidl_typesupport_c.dir/rosidl_typesupport_c/kinova_msgs/srv/kinova_executor__type_support.cpp.o[0m
[1.028s] [ 48%] [32mBuilding CXX object CMakeFiles/kinova_msgs__rosidl_typesupport_c.dir/rosidl_typesupport_c/kinova_msgs/msg/kinova_command__type_support.cpp.o[0m
[1.050s] [ 51%] [32m[1mLinking CXX shared library libkinova_msgs__rosidl_typesupport_c.so[0m
[1.072s] [35m[1mConsolidate compiler generated dependencies of target kinova_msgs__rosidl_typesupport_fastrtps_c[0m
[1.076s] [ 53%] [32m[1mLinking CXX shared library libkinova_msgs__rosidl_typesupport_cpp.so[0m
[1.076s] [ 53%] Built target kinova_msgs__rosidl_typesupport_c
[1.080s] [ 56%] [32mBuilding CXX object CMakeFiles/kinova_msgs__rosidl_typesupport_fastrtps_c.dir/rosidl_typesupport_fastrtps_c/kinova_msgs/msg/detail/kinova_command__type_support_c.cpp.o[0m
[1.080s] [ 58%] [32mBuilding CXX object CMakeFiles/kinova_msgs__rosidl_typesupport_fastrtps_c.dir/rosidl_typesupport_fastrtps_c/kinova_msgs/srv/detail/kinova_executor__type_support_c.cpp.o[0m
[1.101s] [ 58%] Built target kinova_msgs__rosidl_typesupport_cpp
[1.108s] [35m[1mConsolidate compiler generated dependencies of target kinova_msgs__rosidl_typesupport_introspection_c[0m
[1.116s] [ 64%] [32mBuilding C object CMakeFiles/kinova_msgs__rosidl_typesupport_introspection_c.dir/rosidl_typesupport_introspection_c/kinova_msgs/srv/detail/kinova_executor__type_support.c.o[0m
[1.116s] [ 64%] [32mBuilding C object CMakeFiles/kinova_msgs__rosidl_typesupport_introspection_c.dir/rosidl_typesupport_introspection_c/kinova_msgs/msg/detail/kinova_command__type_support.c.o[0m
[1.140s] [ 66%] [32m[1mLinking C shared library libkinova_msgs__rosidl_typesupport_introspection_c.so[0m
[1.157s] [ 66%] Built target kinova_msgs__rosidl_typesupport_introspection_c
[1.169s] [ 69%] [32m[1mLinking CXX shared library libkinova_msgs__rosidl_typesupport_introspection_cpp.so[0m
[1.198s] [ 71%] [32m[1mLinking CXX shared library libkinova_msgs__rosidl_typesupport_fastrtps_cpp.so[0m
[1.208s] [ 71%] Built target kinova_msgs__rosidl_typesupport_introspection_cpp
[1.224s] [ 74%] [32m[1mLinking CXX shared library libkinova_msgs__rosidl_typesupport_fastrtps_c.so[0m
[1.237s] [ 74%] Built target kinova_msgs__rosidl_typesupport_fastrtps_cpp
[1.258s] [ 74%] Built target kinova_msgs__rosidl_typesupport_fastrtps_c
[1.270s] [ 74%] Built target kinova_msgs
[1.282s] [ 76%] [34m[1mGenerating Python code for ROS interfaces[0m
[1.481s] [ 76%] Built target kinova_msgs__py
[1.486s] [35m[1mConsolidate compiler generated dependencies of target kinova_msgs__rosidl_generator_py[0m
[1.493s] [ 79%] [32mBuilding C object CMakeFiles/kinova_msgs__rosidl_generator_py.dir/rosidl_generator_py/kinova_msgs/srv/_kinova_executor_s.c.o[0m
[1.493s] [ 82%] [32mBuilding C object CMakeFiles/kinova_msgs__rosidl_generator_py.dir/rosidl_generator_py/kinova_msgs/msg/_kinova_command_s.c.o[0m
[1.552s] [ 84%] [32m[1mLinking C shared library rosidl_generator_py/kinova_msgs/libkinova_msgs__rosidl_generator_py.so[0m
[1.577s] [ 84%] Built target kinova_msgs__rosidl_generator_py
[1.582s] [35m[1mConsolidate compiler generated dependencies of target kinova_msgs__rosidl_typesupport_c__pyext[0m
[1.583s] [35m[1mConsolidate compiler generated dependencies of target kinova_msgs__rosidl_typesupport_introspection_c__pyext[0m
[1.583s] [35m[1mConsolidate compiler generated dependencies of target kinova_msgs__rosidl_typesupport_fastrtps_c__pyext[0m
[1.588s] [ 87%] [32mBuilding C object CMakeFiles/kinova_msgs__rosidl_typesupport_c__pyext.dir/rosidl_generator_py/kinova_msgs/_kinova_msgs_s.ep.rosidl_typesupport_c.c.o[0m
[1.589s] [ 89%] [32mBuilding C object CMakeFiles/kinova_msgs__rosidl_typesupport_introspection_c__pyext.dir/rosidl_generator_py/kinova_msgs/_kinova_msgs_s.ep.rosidl_typesupport_introspection_c.c.o[0m
[1.590s] [ 92%] [32mBuilding C object CMakeFiles/kinova_msgs__rosidl_typesupport_fastrtps_c__pyext.dir/rosidl_generator_py/kinova_msgs/_kinova_msgs_s.ep.rosidl_typesupport_fastrtps_c.c.o[0m
[1.635s] [ 94%] [32m[1mLinking C shared library rosidl_generator_py/kinova_msgs/kinova_msgs_s__rosidl_typesupport_c.cpython-310-x86_64-linux-gnu.so[0m
[1.638s] [ 97%] [32m[1mLinking C shared library rosidl_generator_py/kinova_msgs/kinova_msgs_s__rosidl_typesupport_fastrtps_c.cpython-310-x86_64-linux-gnu.so[0m
[1.639s] [100%] [32m[1mLinking C shared library rosidl_generator_py/kinova_msgs/kinova_msgs_s__rosidl_typesupport_introspection_c.cpython-310-x86_64-linux-gnu.so[0m
[1.654s] [100%] Built target kinova_msgs__rosidl_typesupport_c__pyext
[1.657s] [100%] Built target kinova_msgs__rosidl_typesupport_fastrtps_c__pyext
[1.659s] [100%] Built target kinova_msgs__rosidl_typesupport_introspection_c__pyext
[1.664s] Invoked command in '/home/pc/intelrb_ws/build/kinova_msgs' returned '0': CMAKE_PREFIX_PATH=${CMAKE_PREFIX_PATH}:/home/pc/intelrb_ws/install/kinova_control:/home/pc/soomac_ws/install/dongsoo_vision_pkg:/home/pc/soomac_ws/install/dongsoo_control_pkg:/home/pc/zrobot_ws/install/arm_test_pkg:/home/pc/cont_ws/install/torque_test_pkg:/home/pc/cont_ws/install/pid_pkg:/home/pc/cont_ws/install/finger_pkg:/home/pc/cont_ws/install/control_continuum:/home/pc/mg_motor_ws/install/mg_test_pkg:/home/pc/mg_motor_ws/install/mg_motor_test:/home/pc/mg_motor_ws/install/homework_pkg:/home/pc/mg_motor_ws/install/head_moving:/opt/ros/humble /usr/bin/cmake --build /home/pc/intelrb_ws/build/kinova_msgs -- -j32 -l32
[1.668s] Invoking command in '/home/pc/intelrb_ws/build/kinova_msgs': CMAKE_PREFIX_PATH=${CMAKE_PREFIX_PATH}:/home/pc/intelrb_ws/install/kinova_control:/home/pc/soomac_ws/install/dongsoo_vision_pkg:/home/pc/soomac_ws/install/dongsoo_control_pkg:/home/pc/zrobot_ws/install/arm_test_pkg:/home/pc/cont_ws/install/torque_test_pkg:/home/pc/cont_ws/install/pid_pkg:/home/pc/cont_ws/install/finger_pkg:/home/pc/cont_ws/install/control_continuum:/home/pc/mg_motor_ws/install/mg_test_pkg:/home/pc/mg_motor_ws/install/mg_motor_test:/home/pc/mg_motor_ws/install/homework_pkg:/home/pc/mg_motor_ws/install/head_moving:/opt/ros/humble /usr/bin/cmake --install /home/pc/intelrb_ws/build/kinova_msgs
[1.672s] -- Install configuration: ""
[1.673s] -- Installing: /home/pc/intelrb_ws/install/kinova_msgs/share/ament_index/resource_index/rosidl_interfaces/kinova_msgs
[1.673s] -- Up-to-date: /home/pc/intelrb_ws/install/kinova_msgs/include/kinova_msgs/kinova_msgs
[1.673s] -- Up-to-date: /home/pc/intelrb_ws/install/kinova_msgs/include/kinova_msgs/kinova_msgs/msg
[1.673s] -- Up-to-date: /home/pc/intelrb_ws/install/kinova_msgs/include/kinova_msgs/kinova_msgs/msg/rosidl_generator_c__visibility_control.h
[1.673s] -- Up-to-date: /home/pc/intelrb_ws/install/kinova_msgs/include/kinova_msgs/kinova_msgs/msg/detail
[1.673s] -- Installing: /home/pc/intelrb_ws/install/kinova_msgs/include/kinova_msgs/kinova_msgs/msg/detail/kinova_command__functions.h
[1.673s] -- Installing: /home/pc/intelrb_ws/install/kinova_msgs/include/kinova_msgs/kinova_msgs/msg/detail/kinova_command__type_support.h
[1.673s] -- Installing: /home/pc/intelrb_ws/install/kinova_msgs/include/kinova_msgs/kinova_msgs/msg/detail/kinova_command__struct.h
[1.673s] -- Installing: /home/pc/intelrb_ws/install/kinova_msgs/include/kinova_msgs/kinova_msgs/msg/detail/kinova_command__functions.c
[1.673s] -- Installing: /home/pc/intelrb_ws/install/kinova_msgs/include/kinova_msgs/kinova_msgs/msg/kinova_command.h
[1.673s] -- Installing: /home/pc/intelrb_ws/install/kinova_msgs/include/kinova_msgs/kinova_msgs/srv
[1.673s] -- Installing: /home/pc/intelrb_ws/install/kinova_msgs/include/kinova_msgs/kinova_msgs/srv/detail
[1.673s] -- Installing: /home/pc/intelrb_ws/install/kinova_msgs/include/kinova_msgs/kinova_msgs/srv/detail/kinova_executor__type_support.h
[1.673s] -- Installing: /home/pc/intelrb_ws/install/kinova_msgs/include/kinova_msgs/kinova_msgs/srv/detail/kinova_executor__functions.c
[1.673s] -- Installing: /home/pc/intelrb_ws/install/kinova_msgs/include/kinova_msgs/kinova_msgs/srv/detail/kinova_executor__functions.h
[1.673s] -- Installing: /home/pc/intelrb_ws/install/kinova_msgs/include/kinova_msgs/kinova_msgs/srv/detail/kinova_executor__struct.h
[1.673s] -- Installing: /home/pc/intelrb_ws/install/kinova_msgs/include/kinova_msgs/kinova_msgs/srv/kinova_executor.h
[1.673s] -- Up-to-date: /home/pc/intelrb_ws/install/kinova_msgs/share/kinova_msgs/environment/library_path.sh
[1.673s] -- Installing: /home/pc/intelrb_ws/install/kinova_msgs/share/kinova_msgs/environment/library_path.dsv
[1.673s] -- Installing: /home/pc/intelrb_ws/install/kinova_msgs/lib/libkinova_msgs__rosidl_generator_c.so
[1.674s] -- Set runtime path of "/home/pc/intelrb_ws/install/kinova_msgs/lib/libkinova_msgs__rosidl_generator_c.so" to ""
[1.674s] -- Up-to-date: /home/pc/intelrb_ws/install/kinova_msgs/include/kinova_msgs/kinova_msgs
[1.674s] -- Up-to-date: /home/pc/intelrb_ws/install/kinova_msgs/include/kinova_msgs/kinova_msgs/msg
[1.674s] -- Up-to-date: /home/pc/intelrb_ws/install/kinova_msgs/include/kinova_msgs/kinova_msgs/msg/detail
[1.674s] -- Installing: /home/pc/intelrb_ws/install/kinova_msgs/include/kinova_msgs/kinova_msgs/msg/detail/kinova_command__rosidl_typesupport_fastrtps_c.h
[1.674s] -- Up-to-date: /home/pc/intelrb_ws/install/kinova_msgs/include/kinova_msgs/kinova_msgs/msg/rosidl_typesupport_fastrtps_c__visibility_control.h
[1.674s] -- Up-to-date: /home/pc/intelrb_ws/install/kinova_msgs/include/kinova_msgs/kinova_msgs/srv
[1.674s] -- Up-to-date: /home/pc/intelrb_ws/install/kinova_msgs/include/kinova_msgs/kinova_msgs/srv/detail
[1.674s] -- Installing: /home/pc/intelrb_ws/install/kinova_msgs/include/kinova_msgs/kinova_msgs/srv/detail/kinova_executor__rosidl_typesupport_fastrtps_c.h
[1.674s] -- Installing: /home/pc/intelrb_ws/install/kinova_msgs/lib/libkinova_msgs__rosidl_typesupport_fastrtps_c.so
[1.674s] -- Set runtime path of "/home/pc/intelrb_ws/install/kinova_msgs/lib/libkinova_msgs__rosidl_typesupport_fastrtps_c.so" to ""
[1.674s] -- Up-to-date: /home/pc/intelrb_ws/install/kinova_msgs/include/kinova_msgs/kinova_msgs
[1.674s] -- Up-to-date: /home/pc/intelrb_ws/install/kinova_msgs/include/kinova_msgs/kinova_msgs/msg
[1.674s] -- Up-to-date: /home/pc/intelrb_ws/install/kinova_msgs/include/kinova_msgs/kinova_msgs/msg/detail
[1.674s] -- Installing: /home/pc/intelrb_ws/install/kinova_msgs/include/kinova_msgs/kinova_msgs/msg/detail/kinova_command__type_support.c
[1.674s] -- Installing: /home/pc/intelrb_ws/install/kinova_msgs/include/kinova_msgs/kinova_msgs/msg/detail/kinova_command__rosidl_typesupport_introspection_c.h
[1.674s] -- Up-to-date: /home/pc/intelrb_ws/install/kinova_msgs/include/kinova_msgs/kinova_msgs/msg/rosidl_typesupport_introspection_c__visibility_control.h
[1.674s] -- Up-to-date: /home/pc/intelrb_ws/install/kinova_msgs/include/kinova_msgs/kinova_msgs/srv
[1.674s] -- Up-to-date: /home/pc/intelrb_ws/install/kinova_msgs/include/kinova_msgs/kinova_msgs/srv/detail
[1.674s] -- Installing: /home/pc/intelrb_ws/install/kinova_msgs/include/kinova_msgs/kinova_msgs/srv/detail/kinova_executor__rosidl_typesupport_introspection_c.h
[1.674s] -- Installing: /home/pc/intelrb_ws/install/kinova_msgs/include/kinova_msgs/kinova_msgs/srv/detail/kinova_executor__type_support.c
[1.675s] -- Installing: /home/pc/intelrb_ws/install/kinova_msgs/lib/libkinova_msgs__rosidl_typesupport_introspection_c.so
[1.675s] -- Set runtime path of "/home/pc/intelrb_ws/install/kinova_msgs/lib/libkinova_msgs__rosidl_typesupport_introspection_c.so" to ""
[1.675s] -- Installing: /home/pc/intelrb_ws/install/kinova_msgs/lib/libkinova_msgs__rosidl_typesupport_c.so
[1.675s] -- Set runtime path of "/home/pc/intelrb_ws/install/kinova_msgs/lib/libkinova_msgs__rosidl_typesupport_c.so" to ""
[1.675s] -- Up-to-date: /home/pc/intelrb_ws/install/kinova_msgs/include/kinova_msgs/kinova_msgs
[1.675s] -- Up-to-date: /home/pc/intelrb_ws/install/kinova_msgs/include/kinova_msgs/kinova_msgs/msg
[1.675s] -- Up-to-date: /home/pc/intelrb_ws/install/kinova_msgs/include/kinova_msgs/kinova_msgs/msg/rosidl_generator_cpp__visibility_control.hpp
[1.675s] -- Up-to-date: /home/pc/intelrb_ws/install/kinova_msgs/include/kinova_msgs/kinova_msgs/msg/detail
[1.675s] -- Installing: /home/pc/intelrb_ws/install/kinova_msgs/include/kinova_msgs/kinova_msgs/msg/detail/kinova_command__struct.hpp
[1.675s] -- Installing: /home/pc/intelrb_ws/install/kinova_msgs/include/kinova_msgs/kinova_msgs/msg/detail/kinova_command__traits.hpp
[1.675s] -- Installing: /home/pc/intelrb_ws/install/kinova_msgs/include/kinova_msgs/kinova_msgs/msg/detail/kinova_command__type_support.hpp
[1.675s] -- Installing: /home/pc/intelrb_ws/install/kinova_msgs/include/kinova_msgs/kinova_msgs/msg/detail/kinova_command__builder.hpp
[1.676s] -- Installing: /home/pc/intelrb_ws/install/kinova_msgs/include/kinova_msgs/kinova_msgs/msg/kinova_command.hpp
[1.676s] -- Up-to-date: /home/pc/intelrb_ws/install/kinova_msgs/include/kinova_msgs/kinova_msgs/srv
[1.676s] -- Installing: /home/pc/intelrb_ws/install/kinova_msgs/include/kinova_msgs/kinova_msgs/srv/kinova_executor.hpp
[1.676s] -- Up-to-date: /home/pc/intelrb_ws/install/kinova_msgs/include/kinova_msgs/kinova_msgs/srv/detail
[1.676s] -- Installing: /home/pc/intelrb_ws/install/kinova_msgs/include/kinova_msgs/kinova_msgs/srv/detail/kinova_executor__struct.hpp
[1.676s] -- Installing: /home/pc/intelrb_ws/install/kinova_msgs/include/kinova_msgs/kinova_msgs/srv/detail/kinova_executor__type_support.hpp
[1.676s] -- Installing: /home/pc/intelrb_ws/install/kinova_msgs/include/kinova_msgs/kinova_msgs/srv/detail/kinova_executor__builder.hpp
[1.676s] -- Installing: /home/pc/intelrb_ws/install/kinova_msgs/include/kinova_msgs/kinova_msgs/srv/detail/kinova_executor__traits.hpp
[1.676s] -- Up-to-date: /home/pc/intelrb_ws/install/kinova_msgs/include/kinova_msgs/kinova_msgs
[1.676s] -- Up-to-date: /home/pc/intelrb_ws/install/kinova_msgs/include/kinova_msgs/kinova_msgs/msg
[1.676s] -- Up-to-date: /home/pc/intelrb_ws/install/kinova_msgs/include/kinova_msgs/kinova_msgs/msg/detail
[1.676s] -- Up-to-date: /home/pc/intelrb_ws/install/kinova_msgs/include/kinova_msgs/kinova_msgs/msg/detail/dds_fastrtps
[1.676s] -- Installing: /home/pc/intelrb_ws/install/kinova_msgs/include/kinova_msgs/kinova_msgs/msg/detail/kinova_command__rosidl_typesupport_fastrtps_cpp.hpp
[1.676s] -- Up-to-date: /home/pc/intelrb_ws/install/kinova_msgs/include/kinova_msgs/kinova_msgs/msg/rosidl_typesupport_fastrtps_cpp__visibility_control.h
[1.676s] -- Up-to-date: /home/pc/intelrb_ws/install/kinova_msgs/include/kinova_msgs/kinova_msgs/srv
[1.676s] -- Up-to-date: /home/pc/intelrb_ws/install/kinova_msgs/include/kinova_msgs/kinova_msgs/srv/detail
[1.676s] -- Installing: /home/pc/intelrb_ws/install/kinova_msgs/include/kinova_msgs/kinova_msgs/srv/detail/dds_fastrtps
[1.676s] -- Installing: /home/pc/intelrb_ws/install/kinova_msgs/include/kinova_msgs/kinova_msgs/srv/detail/kinova_executor__rosidl_typesupport_fastrtps_cpp.hpp
[1.676s] -- Installing: /home/pc/intelrb_ws/install/kinova_msgs/lib/libkinova_msgs__rosidl_typesupport_fastrtps_cpp.so
[1.676s] -- Set runtime path of "/home/pc/intelrb_ws/install/kinova_msgs/lib/libkinova_msgs__rosidl_typesupport_fastrtps_cpp.so" to ""
[1.676s] -- Up-to-date: /home/pc/intelrb_ws/install/kinova_msgs/include/kinova_msgs/kinova_msgs
[1.676s] -- Up-to-date: /home/pc/intelrb_ws/install/kinova_msgs/include/kinova_msgs/kinova_msgs/msg
[1.676s] -- Up-to-date: /home/pc/intelrb_ws/install/kinova_msgs/include/kinova_msgs/kinova_msgs/msg/detail
[1.676s] -- Installing: /home/pc/intelrb_ws/install/kinova_msgs/include/kinova_msgs/kinova_msgs/msg/detail/kinova_command__type_support.cpp
[1.676s] -- Installing: /home/pc/intelrb_ws/install/kinova_msgs/include/kinova_msgs/kinova_msgs/msg/detail/kinova_command__rosidl_typesupport_introspection_cpp.hpp
[1.676s] -- Up-to-date: /home/pc/intelrb_ws/install/kinova_msgs/include/kinova_msgs/kinova_msgs/srv
[1.676s] -- Up-to-date: /home/pc/intelrb_ws/install/kinova_msgs/include/kinova_msgs/kinova_msgs/srv/detail
[1.676s] -- Installing: /home/pc/intelrb_ws/install/kinova_msgs/include/kinova_msgs/kinova_msgs/srv/detail/kinova_executor__rosidl_typesupport_introspection_cpp.hpp
[1.676s] -- Installing: /home/pc/intelrb_ws/install/kinova_msgs/include/kinova_msgs/kinova_msgs/srv/detail/kinova_executor__type_support.cpp
[1.676s] -- Installing: /home/pc/intelrb_ws/install/kinova_msgs/lib/libkinova_msgs__rosidl_typesupport_introspection_cpp.so
[1.677s] -- Set runtime path of "/home/pc/intelrb_ws/install/kinova_msgs/lib/libkinova_msgs__rosidl_typesupport_introspection_cpp.so" to ""
[1.677s] -- Installing: /home/pc/intelrb_ws/install/kinova_msgs/lib/libkinova_msgs__rosidl_typesupport_cpp.so
[1.677s] -- Set runtime path of "/home/pc/intelrb_ws/install/kinova_msgs/lib/libkinova_msgs__rosidl_typesupport_cpp.so" to ""
[1.677s] -- Up-to-date: /home/pc/intelrb_ws/install/kinova_msgs/share/kinova_msgs/environment/pythonpath.sh
[1.677s] -- Installing: /home/pc/intelrb_ws/install/kinova_msgs/share/kinova_msgs/environment/pythonpath.dsv
[1.677s] -- Up-to-date: /home/pc/intelrb_ws/install/kinova_msgs/local/lib/python3.10/dist-packages/kinova_msgs-0.0.0-py3.10.egg-info
[1.677s] -- Installing: /home/pc/intelrb_ws/install/kinova_msgs/local/lib/python3.10/dist-packages/kinova_msgs-0.0.0-py3.10.egg-info/top_level.txt
[1.677s] -- Installing: /home/pc/intelrb_ws/install/kinova_msgs/local/lib/python3.10/dist-packages/kinova_msgs-0.0.0-py3.10.egg-info/dependency_links.txt
[1.677s] -- Installing: /home/pc/intelrb_ws/install/kinova_msgs/local/lib/python3.10/dist-packages/kinova_msgs-0.0.0-py3.10.egg-info/SOURCES.txt
[1.677s] -- Installing: /home/pc/intelrb_ws/install/kinova_msgs/local/lib/python3.10/dist-packages/kinova_msgs-0.0.0-py3.10.egg-info/PKG-INFO
[1.677s] -- Up-to-date: /home/pc/intelrb_ws/install/kinova_msgs/local/lib/python3.10/dist-packages/kinova_msgs
[1.677s] -- Up-to-date: /home/pc/intelrb_ws/install/kinova_msgs/local/lib/python3.10/dist-packages/kinova_msgs/msg
[1.677s] -- Installing: /home/pc/intelrb_ws/install/kinova_msgs/local/lib/python3.10/dist-packages/kinova_msgs/msg/__init__.py
[1.677s] -- Installing: /home/pc/intelrb_ws/install/kinova_msgs/local/lib/python3.10/dist-packages/kinova_msgs/msg/_kinova_command_s.c
[1.677s] -- Installing: /home/pc/intelrb_ws/install/kinova_msgs/local/lib/python3.10/dist-packages/kinova_msgs/msg/_kinova_command.py
[1.677s] -- Installing: /home/pc/intelrb_ws/install/kinova_msgs/local/lib/python3.10/dist-packages/kinova_msgs/__init__.py
[1.677s] -- Installing: /home/pc/intelrb_ws/install/kinova_msgs/local/lib/python3.10/dist-packages/kinova_msgs/_kinova_msgs_s.ep.rosidl_typesupport_c.c
[1.677s] -- Installing: /home/pc/intelrb_ws/install/kinova_msgs/local/lib/python3.10/dist-packages/kinova_msgs/srv
[1.677s] -- Installing: /home/pc/intelrb_ws/install/kinova_msgs/local/lib/python3.10/dist-packages/kinova_msgs/srv/_kinova_executor_s.c
[1.677s] -- Installing: /home/pc/intelrb_ws/install/kinova_msgs/local/lib/python3.10/dist-packages/kinova_msgs/srv/__init__.py
[1.677s] -- Installing: /home/pc/intelrb_ws/install/kinova_msgs/local/lib/python3.10/dist-packages/kinova_msgs/srv/_kinova_executor.py
[1.677s] -- Installing: /home/pc/intelrb_ws/install/kinova_msgs/local/lib/python3.10/dist-packages/kinova_msgs/kinova_msgs_s__rosidl_typesupport_c.cpython-310-x86_64-linux-gnu.so
[1.677s] -- Installing: /home/pc/intelrb_ws/install/kinova_msgs/local/lib/python3.10/dist-packages/kinova_msgs/_kinova_msgs_s.ep.rosidl_typesupport_introspection_c.c
[1.677s] -- Installing: /home/pc/intelrb_ws/install/kinova_msgs/local/lib/python3.10/dist-packages/kinova_msgs/kinova_msgs_s__rosidl_typesupport_fastrtps_c.cpython-310-x86_64-linux-gnu.so
[1.677s] -- Installing: /home/pc/intelrb_ws/install/kinova_msgs/local/lib/python3.10/dist-packages/kinova_msgs/_kinova_msgs_s.ep.rosidl_typesupport_fastrtps_c.c
[1.677s] -- Installing: /home/pc/intelrb_ws/install/kinova_msgs/local/lib/python3.10/dist-packages/kinova_msgs/kinova_msgs_s__rosidl_typesupport_introspection_c.cpython-310-x86_64-linux-gnu.so
[1.677s] -- Installing: /home/pc/intelrb_ws/install/kinova_msgs/local/lib/python3.10/dist-packages/kinova_msgs/libkinova_msgs__rosidl_generator_py.so
[1.701s] Listing '/home/pc/intelrb_ws/install/kinova_msgs/local/lib/python3.10/dist-packages/kinova_msgs'...
[1.701s] Compiling '/home/pc/intelrb_ws/install/kinova_msgs/local/lib/python3.10/dist-packages/kinova_msgs/__init__.py'...
[1.701s] Listing '/home/pc/intelrb_ws/install/kinova_msgs/local/lib/python3.10/dist-packages/kinova_msgs/msg'...
[1.701s] Compiling '/home/pc/intelrb_ws/install/kinova_msgs/local/lib/python3.10/dist-packages/kinova_msgs/msg/__init__.py'...
[1.701s] Compiling '/home/pc/intelrb_ws/install/kinova_msgs/local/lib/python3.10/dist-packages/kinova_msgs/msg/_kinova_command.py'...
[1.701s] Listing '/home/pc/intelrb_ws/install/kinova_msgs/local/lib/python3.10/dist-packages/kinova_msgs/srv'...
[1.701s] Compiling '/home/pc/intelrb_ws/install/kinova_msgs/local/lib/python3.10/dist-packages/kinova_msgs/srv/__init__.py'...
[1.701s] Compiling '/home/pc/intelrb_ws/install/kinova_msgs/local/lib/python3.10/dist-packages/kinova_msgs/srv/_kinova_executor.py'...
[1.703s] -- Installing: /home/pc/intelrb_ws/install/kinova_msgs/local/lib/python3.10/dist-packages/kinova_msgs/kinova_msgs_s__rosidl_typesupport_fastrtps_c.cpython-310-x86_64-linux-gnu.so
[1.703s] -- Set runtime path of "/home/pc/intelrb_ws/install/kinova_msgs/local/lib/python3.10/dist-packages/kinova_msgs/kinova_msgs_s__rosidl_typesupport_fastrtps_c.cpython-310-x86_64-linux-gnu.so" to ""
[1.703s] -- Installing: /home/pc/intelrb_ws/install/kinova_msgs/local/lib/python3.10/dist-packages/kinova_msgs/kinova_msgs_s__rosidl_typesupport_introspection_c.cpython-310-x86_64-linux-gnu.so
[1.703s] -- Set runtime path of "/home/pc/intelrb_ws/install/kinova_msgs/local/lib/python3.10/dist-packages/kinova_msgs/kinova_msgs_s__rosidl_typesupport_introspection_c.cpython-310-x86_64-linux-gnu.so" to ""
[1.703s] -- Installing: /home/pc/intelrb_ws/install/kinova_msgs/local/lib/python3.10/dist-packages/kinova_msgs/kinova_msgs_s__rosidl_typesupport_c.cpython-310-x86_64-linux-gnu.so
[1.703s] -- Set runtime path of "/home/pc/intelrb_ws/install/kinova_msgs/local/lib/python3.10/dist-packages/kinova_msgs/kinova_msgs_s__rosidl_typesupport_c.cpython-310-x86_64-linux-gnu.so" to ""
[1.703s] -- Installing: /home/pc/intelrb_ws/install/kinova_msgs/lib/libkinova_msgs__rosidl_generator_py.so
[1.703s] -- Set runtime path of "/home/pc/intelrb_ws/install/kinova_msgs/lib/libkinova_msgs__rosidl_generator_py.so" to ""
[1.703s] -- Up-to-date: /home/pc/intelrb_ws/install/kinova_msgs/share/kinova_msgs/msg/KinovaCommand.idl
[1.703s] -- Installing: /home/pc/intelrb_ws/install/kinova_msgs/share/kinova_msgs/srv/KinovaExecutor.idl
[1.703s] -- Up-to-date: /home/pc/intelrb_ws/install/kinova_msgs/share/kinova_msgs/msg/KinovaCommand.msg
[1.703s] -- Installing: /home/pc/intelrb_ws/install/kinova_msgs/share/kinova_msgs/srv/KinovaExecutor.srv
[1.703s] -- Installing: /home/pc/intelrb_ws/install/kinova_msgs/share/kinova_msgs/srv/KinovaExecutor_Request.msg
[1.704s] -- Installing: /home/pc/intelrb_ws/install/kinova_msgs/share/kinova_msgs/srv/KinovaExecutor_Response.msg
[1.704s] -- Up-to-date: /home/pc/intelrb_ws/install/kinova_msgs/share/ament_index/resource_index/package_run_dependencies/kinova_msgs
[1.704s] -- Installing: /home/pc/intelrb_ws/install/kinova_msgs/share/ament_index/resource_index/parent_prefix_path/kinova_msgs
[1.704s] -- Up-to-date: /home/pc/intelrb_ws/install/kinova_msgs/share/kinova_msgs/environment/ament_prefix_path.sh
[1.704s] -- Installing: /home/pc/intelrb_ws/install/kinova_msgs/share/kinova_msgs/environment/ament_prefix_path.dsv
[1.704s] -- Up-to-date: /home/pc/intelrb_ws/install/kinova_msgs/share/kinova_msgs/environment/path.sh
[1.704s] -- Installing: /home/pc/intelrb_ws/install/kinova_msgs/share/kinova_msgs/environment/path.dsv
[1.704s] -- Up-to-date: /home/pc/intelrb_ws/install/kinova_msgs/share/kinova_msgs/local_setup.bash
[1.704s] -- Up-to-date: /home/pc/intelrb_ws/install/kinova_msgs/share/kinova_msgs/local_setup.sh
[1.704s] -- Up-to-date: /home/pc/intelrb_ws/install/kinova_msgs/share/kinova_msgs/local_setup.zsh
[1.704s] -- Installing: /home/pc/intelrb_ws/install/kinova_msgs/share/kinova_msgs/local_setup.dsv
[1.704s] -- Installing: /home/pc/intelrb_ws/install/kinova_msgs/share/kinova_msgs/package.dsv
[1.704s] -- Up-to-date: /home/pc/intelrb_ws/install/kinova_msgs/share/ament_index/resource_index/packages/kinova_msgs
[1.704s] -- Up-to-date: /home/pc/intelrb_ws/install/kinova_msgs/share/kinova_msgs/cmake/export_kinova_msgs__rosidl_generator_cExport.cmake
[1.704s] -- Up-to-date: /home/pc/intelrb_ws/install/kinova_msgs/share/kinova_msgs/cmake/export_kinova_msgs__rosidl_generator_cExport-noconfig.cmake
[1.704s] -- Up-to-date: /home/pc/intelrb_ws/install/kinova_msgs/share/kinova_msgs/cmake/export_kinova_msgs__rosidl_typesupport_fastrtps_cExport.cmake
[1.704s] -- Up-to-date: /home/pc/intelrb_ws/install/kinova_msgs/share/kinova_msgs/cmake/export_kinova_msgs__rosidl_typesupport_fastrtps_cExport-noconfig.cmake
[1.704s] -- Up-to-date: /home/pc/intelrb_ws/install/kinova_msgs/share/kinova_msgs/cmake/kinova_msgs__rosidl_typesupport_introspection_cExport.cmake
[1.704s] -- Up-to-date: /home/pc/intelrb_ws/install/kinova_msgs/share/kinova_msgs/cmake/kinova_msgs__rosidl_typesupport_introspection_cExport-noconfig.cmake
[1.704s] -- Up-to-date: /home/pc/intelrb_ws/install/kinova_msgs/share/kinova_msgs/cmake/kinova_msgs__rosidl_typesupport_cExport.cmake
[1.704s] -- Up-to-date: /home/pc/intelrb_ws/install/kinova_msgs/share/kinova_msgs/cmake/kinova_msgs__rosidl_typesupport_cExport-noconfig.cmake
[1.704s] -- Up-to-date: /home/pc/intelrb_ws/install/kinova_msgs/share/kinova_msgs/cmake/export_kinova_msgs__rosidl_generator_cppExport.cmake
[1.704s] -- Up-to-date: /home/pc/intelrb_ws/install/kinova_msgs/share/kinova_msgs/cmake/export_kinova_msgs__rosidl_typesupport_fastrtps_cppExport.cmake
[1.704s] -- Up-to-date: /home/pc/intelrb_ws/install/kinova_msgs/share/kinova_msgs/cmake/export_kinova_msgs__rosidl_typesupport_fastrtps_cppExport-noconfig.cmake
[1.704s] -- Up-to-date: /home/pc/intelrb_ws/install/kinova_msgs/share/kinova_msgs/cmake/kinova_msgs__rosidl_typesupport_introspection_cppExport.cmake
[1.704s] -- Up-to-date: /home/pc/intelrb_ws/install/kinova_msgs/share/kinova_msgs/cmake/kinova_msgs__rosidl_typesupport_introspection_cppExport-noconfig.cmake
[1.705s] -- Up-to-date: /home/pc/intelrb_ws/install/kinova_msgs/share/kinova_msgs/cmake/kinova_msgs__rosidl_typesupport_cppExport.cmake
[1.705s] -- Up-to-date: /home/pc/intelrb_ws/install/kinova_msgs/share/kinova_msgs/cmake/kinova_msgs__rosidl_typesupport_cppExport-noconfig.cmake
[1.705s] -- Up-to-date: /home/pc/intelrb_ws/install/kinova_msgs/share/kinova_msgs/cmake/export_kinova_msgs__rosidl_generator_pyExport.cmake
[1.705s] -- Up-to-date: /home/pc/intelrb_ws/install/kinova_msgs/share/kinova_msgs/cmake/export_kinova_msgs__rosidl_generator_pyExport-noconfig.cmake
[1.705s] -- Installing: /home/pc/intelrb_ws/install/kinova_msgs/share/kinova_msgs/cmake/rosidl_cmake-extras.cmake
[1.705s] -- Up-to-date: /home/pc/intelrb_ws/install/kinova_msgs/share/kinova_msgs/cmake/ament_cmake_export_include_directories-extras.cmake
[1.705s] -- Up-to-date: /home/pc/intelrb_ws/install/kinova_msgs/share/kinova_msgs/cmake/ament_cmake_export_libraries-extras.cmake
[1.705s] -- Up-to-date: /home/pc/intelrb_ws/install/kinova_msgs/share/kinova_msgs/cmake/ament_cmake_export_targets-extras.cmake
[1.705s] -- Up-to-date: /home/pc/intelrb_ws/install/kinova_msgs/share/kinova_msgs/cmake/rosidl_cmake_export_typesupport_targets-extras.cmake
[1.705s] -- Up-to-date: /home/pc/intelrb_ws/install/kinova_msgs/share/kinova_msgs/cmake/ament_cmake_export_dependencies-extras.cmake
[1.705s] -- Up-to-date: /home/pc/intelrb_ws/install/kinova_msgs/share/kinova_msgs/cmake/rosidl_cmake_export_typesupport_libraries-extras.cmake
[1.705s] -- Up-to-date: /home/pc/intelrb_ws/install/kinova_msgs/share/kinova_msgs/cmake/kinova_msgsConfig.cmake
[1.705s] -- Up-to-date: /home/pc/intelrb_ws/install/kinova_msgs/share/kinova_msgs/cmake/kinova_msgsConfig-version.cmake
[1.705s] -- Up-to-date: /home/pc/intelrb_ws/install/kinova_msgs/share/kinova_msgs/package.xml
[1.706s] Invoked command in '/home/pc/intelrb_ws/build/kinova_msgs' returned '0': CMAKE_PREFIX_PATH=${CMAKE_PREFIX_PATH}:/home/pc/intelrb_ws/install/kinova_control:/home/pc/soomac_ws/install/dongsoo_vision_pkg:/home/pc/soomac_ws/install/dongsoo_control_pkg:/home/pc/zrobot_ws/install/arm_test_pkg:/home/pc/cont_ws/install/torque_test_pkg:/home/pc/cont_ws/install/pid_pkg:/home/pc/cont_ws/install/finger_pkg:/home/pc/cont_ws/install/control_continuum:/home/pc/mg_motor_ws/install/mg_test_pkg:/home/pc/mg_motor_ws/install/mg_motor_test:/home/pc/mg_motor_ws/install/homework_pkg:/home/pc/mg_motor_ws/install/head_moving:/opt/ros/humble /usr/bin/cmake --install /home/pc/intelrb_ws/build/kinova_msgs
