[0.006s] Invoking command in '/home/pc/intelrb_ws/build/kinova_msgs': CMAKE_PREFIX_PATH=${CMAKE_PREFIX_PATH}:/home/pc/soomac_ws/install/dongsoo_vision_pkg:/home/pc/soomac_ws/install/dongsoo_control_pkg:/home/pc/zrobot_ws/install/arm_test_pkg:/home/pc/cont_ws/install/torque_test_pkg:/home/pc/cont_ws/install/pid_pkg:/home/pc/cont_ws/install/finger_pkg:/home/pc/cont_ws/install/control_continuum:/home/pc/mg_motor_ws/install/mg_test_pkg:/home/pc/mg_motor_ws/install/mg_motor_test:/home/pc/mg_motor_ws/install/homework_pkg:/home/pc/mg_motor_ws/install/head_moving:/opt/ros/humble /usr/bin/cmake /home/pc/intelrb_ws/src/kinova_msgs -DCMAKE_INSTALL_PREFIX=/home/pc/intelrb_ws/install/kinova_msgs
[0.067s] -- The C compiler identification is GNU 11.4.0
[0.114s] -- The CXX compiler identification is GNU 11.4.0
[0.119s] -- Detecting C compiler ABI info
[0.162s] -- Detecting C compiler ABI info - done
[0.166s] -- Check for working C compiler: /usr/bin/cc - skipped
[0.166s] -- Detecting C compile features
[0.166s] -- Detecting C compile features - done
[0.168s] -- Detecting CXX compiler ABI info
[0.211s] -- Detecting CXX compiler ABI info - done
[0.215s] -- Check for working CXX compiler: /usr/bin/c++ - skipped
[0.215s] -- Detecting CXX compile features
[0.215s] -- Detecting CXX compile features - done
[0.217s] -- Found ament_cmake: 1.3.12 (/opt/ros/humble/share/ament_cmake/cmake)
[0.313s] -- Found Python3: /usr/bin/python3 (found version "3.10.12") found components: Interpreter 
[0.376s] -- Found rosidl_default_generators: 1.2.0 (/opt/ros/humble/share/rosidl_default_generators/cmake)
[0.379s] -- Using all available rosidl_typesupport_c: rosidl_typesupport_fastrtps_c;rosidl_typesupport_introspection_c
[0.384s] -- Found rosidl_adapter: 3.1.7 (/opt/ros/humble/share/rosidl_adapter/cmake)
[0.412s] -- Using all available rosidl_typesupport_cpp: rosidl_typesupport_fastrtps_cpp;rosidl_typesupport_introspection_cpp
[0.434s] -- Found ament_lint_auto: 0.12.14 (/opt/ros/humble/share/ament_lint_auto/cmake)
[0.588s] -- Found ament_cmake_ros: 0.10.0 (/opt/ros/humble/share/ament_cmake_ros/cmake)
[0.710s] -- Using all available rosidl_typesupport_c: rosidl_typesupport_fastrtps_c;rosidl_typesupport_introspection_c
[0.860s] -- Using all available rosidl_typesupport_cpp: rosidl_typesupport_fastrtps_cpp;rosidl_typesupport_introspection_cpp
[0.874s] -- Found PythonInterp: /usr/bin/python3 (found suitable version "3.10.12", minimum required is "3.6") 
[0.875s] -- Found python_cmake_module: 0.10.0 (/opt/ros/humble/share/python_cmake_module/cmake)
[0.893s] -- Found PythonLibs: /usr/lib/x86_64-linux-gnu/libpython3.10.so (found suitable version "3.10.12", minimum required is "3.5") 
[0.893s] -- Using PYTHON_EXECUTABLE: /usr/bin/python3
[0.893s] -- Using PYTHON_INCLUDE_DIRS: /usr/include/python3.10
[0.893s] -- Using PYTHON_LIBRARIES: /usr/lib/x86_64-linux-gnu/libpython3.10.so
[0.906s] -- Found PythonExtra: .so  
[0.929s] -- Added test 'lint_cmake' to check CMake code style
[0.930s] -- Added test 'xmllint' to check XML markup files
[0.933s] -- Configuring done
[0.943s] -- Generating done
[0.947s] -- Build files have been written to: /home/pc/intelrb_ws/build/kinova_msgs
[0.950s] Invoked command in '/home/pc/intelrb_ws/build/kinova_msgs' returned '0': CMAKE_PREFIX_PATH=${CMAKE_PREFIX_PATH}:/home/pc/soomac_ws/install/dongsoo_vision_pkg:/home/pc/soomac_ws/install/dongsoo_control_pkg:/home/pc/zrobot_ws/install/arm_test_pkg:/home/pc/cont_ws/install/torque_test_pkg:/home/pc/cont_ws/install/pid_pkg:/home/pc/cont_ws/install/finger_pkg:/home/pc/cont_ws/install/control_continuum:/home/pc/mg_motor_ws/install/mg_test_pkg:/home/pc/mg_motor_ws/install/mg_motor_test:/home/pc/mg_motor_ws/install/homework_pkg:/home/pc/mg_motor_ws/install/head_moving:/opt/ros/humble /usr/bin/cmake /home/pc/intelrb_ws/src/kinova_msgs -DCMAKE_INSTALL_PREFIX=/home/pc/intelrb_ws/install/kinova_msgs
[0.951s] Invoking command in '/home/pc/intelrb_ws/build/kinova_msgs': CMAKE_PREFIX_PATH=${CMAKE_PREFIX_PATH}:/home/pc/soomac_ws/install/dongsoo_vision_pkg:/home/pc/soomac_ws/install/dongsoo_control_pkg:/home/pc/zrobot_ws/install/arm_test_pkg:/home/pc/cont_ws/install/torque_test_pkg:/home/pc/cont_ws/install/pid_pkg:/home/pc/cont_ws/install/finger_pkg:/home/pc/cont_ws/install/control_continuum:/home/pc/mg_motor_ws/install/mg_test_pkg:/home/pc/mg_motor_ws/install/mg_motor_test:/home/pc/mg_motor_ws/install/homework_pkg:/home/pc/mg_motor_ws/install/head_moving:/opt/ros/humble /usr/bin/cmake --build /home/pc/intelrb_ws/build/kinova_msgs -- -j32 -l32
[0.977s] [  3%] [34m[1mGenerating C code for ROS interfaces[0m
[0.983s] [  6%] [34m[1mGenerating C++ code for ROS interfaces[0m
[0.987s] [  6%] Built target ament_cmake_python_copy_kinova_msgs
[1.100s] [  9%] [32mBuilding C object CMakeFiles/kinova_msgs__rosidl_generator_c.dir/rosidl_generator_c/kinova_msgs/msg/detail/kinova_command__functions.c.o[0m
[1.100s] [  9%] Built target kinova_msgs__cpp
[1.107s] [ 19%] [34m[1mGenerating C++ type support dispatch for ROS interfaces[0m
[1.107s] [ 19%] [34m[1mGenerating C++ type support for eProsima Fast-RTPS[0m
[1.107s] [ 19%] [34m[1mGenerating C++ introspection for ROS interfaces[0m
[1.108s] running egg_info
[1.109s] creating kinova_msgs.egg-info
[1.109s] writing kinova_msgs.egg-info/PKG-INFO
[1.109s] writing dependency_links to kinova_msgs.egg-info/dependency_links.txt
[1.109s] writing top-level names to kinova_msgs.egg-info/top_level.txt
[1.109s] writing manifest file 'kinova_msgs.egg-info/SOURCES.txt'
[1.110s] reading manifest file 'kinova_msgs.egg-info/SOURCES.txt'
[1.110s] writing manifest file 'kinova_msgs.egg-info/SOURCES.txt'
[1.124s] [ 19%] Built target ament_cmake_python_build_kinova_msgs_egg
[1.136s] [ 22%] [32m[1mLinking C shared library libkinova_msgs__rosidl_generator_c.so[0m
[1.158s] [ 22%] Built target kinova_msgs__rosidl_generator_c
[1.164s] [ 32%] [34m[1mGenerating C type support dispatch for ROS interfaces[0m
[1.164s] [ 32%] [34m[1mGenerating C type support for eProsima Fast-RTPS[0m
[1.164s] [ 32%] [34m[1mGenerating C introspection for ROS interfaces[0m
[1.213s] [ 35%] [32mBuilding CXX object CMakeFiles/kinova_msgs__rosidl_typesupport_cpp.dir/rosidl_typesupport_cpp/kinova_msgs/msg/kinova_command__type_support.cpp.o[0m
[1.222s] [ 38%] [32mBuilding CXX object CMakeFiles/kinova_msgs__rosidl_typesupport_fastrtps_cpp.dir/rosidl_typesupport_fastrtps_cpp/kinova_msgs/msg/detail/dds_fastrtps/kinova_command__type_support.cpp.o[0m
[1.233s] [ 41%] [32mBuilding CXX object CMakeFiles/kinova_msgs__rosidl_typesupport_introspection_cpp.dir/rosidl_typesupport_introspection_cpp/kinova_msgs/msg/detail/kinova_command__type_support.cpp.o[0m
[1.281s] [ 45%] [32mBuilding C object CMakeFiles/kinova_msgs__rosidl_typesupport_introspection_c.dir/rosidl_typesupport_introspection_c/kinova_msgs/msg/detail/kinova_command__type_support.c.o[0m
[1.284s] [ 48%] [32mBuilding CXX object CMakeFiles/kinova_msgs__rosidl_typesupport_fastrtps_c.dir/rosidl_typesupport_fastrtps_c/kinova_msgs/msg/detail/kinova_command__type_support_c.cpp.o[0m
[1.304s] [ 51%] [32mBuilding CXX object CMakeFiles/kinova_msgs__rosidl_typesupport_c.dir/rosidl_typesupport_c/kinova_msgs/msg/kinova_command__type_support.cpp.o[0m
[1.306s] [ 54%] [32m[1mLinking C shared library libkinova_msgs__rosidl_typesupport_introspection_c.so[0m
[1.325s] [ 58%] [32m[1mLinking CXX shared library libkinova_msgs__rosidl_typesupport_c.so[0m
[1.326s] [ 58%] Built target kinova_msgs__rosidl_typesupport_introspection_c
[1.331s] [ 61%] [32m[1mLinking CXX shared library libkinova_msgs__rosidl_typesupport_cpp.so[0m
[1.349s] [ 61%] Built target kinova_msgs__rosidl_typesupport_c
[1.350s] [ 61%] Built target kinova_msgs__rosidl_typesupport_cpp
[1.404s] [ 64%] [32m[1mLinking CXX shared library libkinova_msgs__rosidl_typesupport_introspection_cpp.so[0m
[1.411s] [ 67%] [32m[1mLinking CXX shared library libkinova_msgs__rosidl_typesupport_fastrtps_cpp.so[0m
[1.423s] [ 70%] [32m[1mLinking CXX shared library libkinova_msgs__rosidl_typesupport_fastrtps_c.so[0m
[1.450s] [ 70%] Built target kinova_msgs__rosidl_typesupport_fastrtps_cpp
[1.450s] [ 70%] Built target kinova_msgs__rosidl_typesupport_introspection_cpp
[1.459s] [ 70%] Built target kinova_msgs__rosidl_typesupport_fastrtps_c
[1.470s] [ 70%] Built target kinova_msgs
[1.482s] [ 74%] [34m[1mGenerating Python code for ROS interfaces[0m
[1.614s] [ 74%] Built target kinova_msgs__py
[1.627s] [ 77%] [32mBuilding C object CMakeFiles/kinova_msgs__rosidl_generator_py.dir/rosidl_generator_py/kinova_msgs/msg/_kinova_command_s.c.o[0m
[1.686s] [ 80%] [32m[1mLinking C shared library rosidl_generator_py/kinova_msgs/libkinova_msgs__rosidl_generator_py.so[0m
[1.708s] [ 80%] Built target kinova_msgs__rosidl_generator_py
[1.719s] [ 83%] [32mBuilding C object CMakeFiles/kinova_msgs__rosidl_typesupport_fastrtps_c__pyext.dir/rosidl_generator_py/kinova_msgs/_kinova_msgs_s.ep.rosidl_typesupport_fastrtps_c.c.o[0m
[1.720s] [ 87%] [32mBuilding C object CMakeFiles/kinova_msgs__rosidl_typesupport_introspection_c__pyext.dir/rosidl_generator_py/kinova_msgs/_kinova_msgs_s.ep.rosidl_typesupport_introspection_c.c.o[0m
[1.720s] [ 90%] [32mBuilding C object CMakeFiles/kinova_msgs__rosidl_typesupport_c__pyext.dir/rosidl_generator_py/kinova_msgs/_kinova_msgs_s.ep.rosidl_typesupport_c.c.o[0m
[1.761s] [ 93%] [32m[1mLinking C shared library rosidl_generator_py/kinova_msgs/kinova_msgs_s__rosidl_typesupport_introspection_c.cpython-310-x86_64-linux-gnu.so[0m
[1.762s] [ 96%] [32m[1mLinking C shared library rosidl_generator_py/kinova_msgs/kinova_msgs_s__rosidl_typesupport_c.cpython-310-x86_64-linux-gnu.so[0m
[1.765s] [100%] [32m[1mLinking C shared library rosidl_generator_py/kinova_msgs/kinova_msgs_s__rosidl_typesupport_fastrtps_c.cpython-310-x86_64-linux-gnu.so[0m
[1.782s] [100%] Built target kinova_msgs__rosidl_typesupport_c__pyext
[1.782s] [100%] Built target kinova_msgs__rosidl_typesupport_introspection_c__pyext
[1.786s] [100%] Built target kinova_msgs__rosidl_typesupport_fastrtps_c__pyext
[1.793s] Invoked command in '/home/pc/intelrb_ws/build/kinova_msgs' returned '0': CMAKE_PREFIX_PATH=${CMAKE_PREFIX_PATH}:/home/pc/soomac_ws/install/dongsoo_vision_pkg:/home/pc/soomac_ws/install/dongsoo_control_pkg:/home/pc/zrobot_ws/install/arm_test_pkg:/home/pc/cont_ws/install/torque_test_pkg:/home/pc/cont_ws/install/pid_pkg:/home/pc/cont_ws/install/finger_pkg:/home/pc/cont_ws/install/control_continuum:/home/pc/mg_motor_ws/install/mg_test_pkg:/home/pc/mg_motor_ws/install/mg_motor_test:/home/pc/mg_motor_ws/install/homework_pkg:/home/pc/mg_motor_ws/install/head_moving:/opt/ros/humble /usr/bin/cmake --build /home/pc/intelrb_ws/build/kinova_msgs -- -j32 -l32
[1.799s] Invoking command in '/home/pc/intelrb_ws/build/kinova_msgs': CMAKE_PREFIX_PATH=${CMAKE_PREFIX_PATH}:/home/pc/soomac_ws/install/dongsoo_vision_pkg:/home/pc/soomac_ws/install/dongsoo_control_pkg:/home/pc/zrobot_ws/install/arm_test_pkg:/home/pc/cont_ws/install/torque_test_pkg:/home/pc/cont_ws/install/pid_pkg:/home/pc/cont_ws/install/finger_pkg:/home/pc/cont_ws/install/control_continuum:/home/pc/mg_motor_ws/install/mg_test_pkg:/home/pc/mg_motor_ws/install/mg_motor_test:/home/pc/mg_motor_ws/install/homework_pkg:/home/pc/mg_motor_ws/install/head_moving:/opt/ros/humble /usr/bin/cmake --install /home/pc/intelrb_ws/build/kinova_msgs
[1.804s] -- Install configuration: ""
[1.804s] -- Installing: /home/pc/intelrb_ws/install/kinova_msgs/share/ament_index/resource_index/rosidl_interfaces/kinova_msgs
[1.804s] -- Installing: /home/pc/intelrb_ws/install/kinova_msgs/include/kinova_msgs/kinova_msgs
[1.804s] -- Installing: /home/pc/intelrb_ws/install/kinova_msgs/include/kinova_msgs/kinova_msgs/msg
[1.804s] -- Installing: /home/pc/intelrb_ws/install/kinova_msgs/include/kinova_msgs/kinova_msgs/msg/rosidl_generator_c__visibility_control.h
[1.804s] -- Installing: /home/pc/intelrb_ws/install/kinova_msgs/include/kinova_msgs/kinova_msgs/msg/detail
[1.804s] -- Installing: /home/pc/intelrb_ws/install/kinova_msgs/include/kinova_msgs/kinova_msgs/msg/detail/kinova_command__functions.h
[1.804s] -- Installing: /home/pc/intelrb_ws/install/kinova_msgs/include/kinova_msgs/kinova_msgs/msg/detail/kinova_command__type_support.h
[1.804s] -- Installing: /home/pc/intelrb_ws/install/kinova_msgs/include/kinova_msgs/kinova_msgs/msg/detail/kinova_command__struct.h
[1.804s] -- Installing: /home/pc/intelrb_ws/install/kinova_msgs/include/kinova_msgs/kinova_msgs/msg/detail/kinova_command__functions.c
[1.804s] -- Installing: /home/pc/intelrb_ws/install/kinova_msgs/include/kinova_msgs/kinova_msgs/msg/kinova_command.h
[1.804s] -- Installing: /home/pc/intelrb_ws/install/kinova_msgs/share/kinova_msgs/environment/library_path.sh
[1.804s] -- Installing: /home/pc/intelrb_ws/install/kinova_msgs/share/kinova_msgs/environment/library_path.dsv
[1.804s] -- Installing: /home/pc/intelrb_ws/install/kinova_msgs/lib/libkinova_msgs__rosidl_generator_c.so
[1.804s] -- Set runtime path of "/home/pc/intelrb_ws/install/kinova_msgs/lib/libkinova_msgs__rosidl_generator_c.so" to ""
[1.804s] -- Up-to-date: /home/pc/intelrb_ws/install/kinova_msgs/include/kinova_msgs/kinova_msgs
[1.804s] -- Up-to-date: /home/pc/intelrb_ws/install/kinova_msgs/include/kinova_msgs/kinova_msgs/msg
[1.804s] -- Up-to-date: /home/pc/intelrb_ws/install/kinova_msgs/include/kinova_msgs/kinova_msgs/msg/detail
[1.804s] -- Installing: /home/pc/intelrb_ws/install/kinova_msgs/include/kinova_msgs/kinova_msgs/msg/detail/kinova_command__rosidl_typesupport_fastrtps_c.h
[1.804s] -- Installing: /home/pc/intelrb_ws/install/kinova_msgs/include/kinova_msgs/kinova_msgs/msg/rosidl_typesupport_fastrtps_c__visibility_control.h
[1.804s] -- Installing: /home/pc/intelrb_ws/install/kinova_msgs/lib/libkinova_msgs__rosidl_typesupport_fastrtps_c.so
[1.804s] -- Set runtime path of "/home/pc/intelrb_ws/install/kinova_msgs/lib/libkinova_msgs__rosidl_typesupport_fastrtps_c.so" to ""
[1.804s] -- Up-to-date: /home/pc/intelrb_ws/install/kinova_msgs/include/kinova_msgs/kinova_msgs
[1.805s] -- Up-to-date: /home/pc/intelrb_ws/install/kinova_msgs/include/kinova_msgs/kinova_msgs/msg
[1.805s] -- Up-to-date: /home/pc/intelrb_ws/install/kinova_msgs/include/kinova_msgs/kinova_msgs/msg/detail
[1.805s] -- Installing: /home/pc/intelrb_ws/install/kinova_msgs/include/kinova_msgs/kinova_msgs/msg/detail/kinova_command__type_support.c
[1.805s] -- Installing: /home/pc/intelrb_ws/install/kinova_msgs/include/kinova_msgs/kinova_msgs/msg/detail/kinova_command__rosidl_typesupport_introspection_c.h
[1.805s] -- Installing: /home/pc/intelrb_ws/install/kinova_msgs/include/kinova_msgs/kinova_msgs/msg/rosidl_typesupport_introspection_c__visibility_control.h
[1.805s] -- Installing: /home/pc/intelrb_ws/install/kinova_msgs/lib/libkinova_msgs__rosidl_typesupport_introspection_c.so
[1.805s] -- Set runtime path of "/home/pc/intelrb_ws/install/kinova_msgs/lib/libkinova_msgs__rosidl_typesupport_introspection_c.so" to ""
[1.805s] -- Installing: /home/pc/intelrb_ws/install/kinova_msgs/lib/libkinova_msgs__rosidl_typesupport_c.so
[1.805s] -- Set runtime path of "/home/pc/intelrb_ws/install/kinova_msgs/lib/libkinova_msgs__rosidl_typesupport_c.so" to ""
[1.805s] -- Up-to-date: /home/pc/intelrb_ws/install/kinova_msgs/include/kinova_msgs/kinova_msgs
[1.805s] -- Up-to-date: /home/pc/intelrb_ws/install/kinova_msgs/include/kinova_msgs/kinova_msgs/msg
[1.805s] -- Installing: /home/pc/intelrb_ws/install/kinova_msgs/include/kinova_msgs/kinova_msgs/msg/rosidl_generator_cpp__visibility_control.hpp
[1.805s] -- Up-to-date: /home/pc/intelrb_ws/install/kinova_msgs/include/kinova_msgs/kinova_msgs/msg/detail
[1.805s] -- Installing: /home/pc/intelrb_ws/install/kinova_msgs/include/kinova_msgs/kinova_msgs/msg/detail/kinova_command__struct.hpp
[1.805s] -- Installing: /home/pc/intelrb_ws/install/kinova_msgs/include/kinova_msgs/kinova_msgs/msg/detail/kinova_command__traits.hpp
[1.805s] -- Installing: /home/pc/intelrb_ws/install/kinova_msgs/include/kinova_msgs/kinova_msgs/msg/detail/kinova_command__type_support.hpp
[1.805s] -- Installing: /home/pc/intelrb_ws/install/kinova_msgs/include/kinova_msgs/kinova_msgs/msg/detail/kinova_command__builder.hpp
[1.805s] -- Installing: /home/pc/intelrb_ws/install/kinova_msgs/include/kinova_msgs/kinova_msgs/msg/kinova_command.hpp
[1.805s] -- Up-to-date: /home/pc/intelrb_ws/install/kinova_msgs/include/kinova_msgs/kinova_msgs
[1.805s] -- Up-to-date: /home/pc/intelrb_ws/install/kinova_msgs/include/kinova_msgs/kinova_msgs/msg
[1.805s] -- Up-to-date: /home/pc/intelrb_ws/install/kinova_msgs/include/kinova_msgs/kinova_msgs/msg/detail
[1.805s] -- Installing: /home/pc/intelrb_ws/install/kinova_msgs/include/kinova_msgs/kinova_msgs/msg/detail/dds_fastrtps
[1.805s] -- Installing: /home/pc/intelrb_ws/install/kinova_msgs/include/kinova_msgs/kinova_msgs/msg/detail/kinova_command__rosidl_typesupport_fastrtps_cpp.hpp
[1.805s] -- Installing: /home/pc/intelrb_ws/install/kinova_msgs/include/kinova_msgs/kinova_msgs/msg/rosidl_typesupport_fastrtps_cpp__visibility_control.h
[1.805s] -- Installing: /home/pc/intelrb_ws/install/kinova_msgs/lib/libkinova_msgs__rosidl_typesupport_fastrtps_cpp.so
[1.805s] -- Set runtime path of "/home/pc/intelrb_ws/install/kinova_msgs/lib/libkinova_msgs__rosidl_typesupport_fastrtps_cpp.so" to ""
[1.805s] -- Up-to-date: /home/pc/intelrb_ws/install/kinova_msgs/include/kinova_msgs/kinova_msgs
[1.805s] -- Up-to-date: /home/pc/intelrb_ws/install/kinova_msgs/include/kinova_msgs/kinova_msgs/msg
[1.805s] -- Up-to-date: /home/pc/intelrb_ws/install/kinova_msgs/include/kinova_msgs/kinova_msgs/msg/detail
[1.805s] -- Installing: /home/pc/intelrb_ws/install/kinova_msgs/include/kinova_msgs/kinova_msgs/msg/detail/kinova_command__type_support.cpp
[1.805s] -- Installing: /home/pc/intelrb_ws/install/kinova_msgs/include/kinova_msgs/kinova_msgs/msg/detail/kinova_command__rosidl_typesupport_introspection_cpp.hpp
[1.805s] -- Installing: /home/pc/intelrb_ws/install/kinova_msgs/lib/libkinova_msgs__rosidl_typesupport_introspection_cpp.so
[1.805s] -- Set runtime path of "/home/pc/intelrb_ws/install/kinova_msgs/lib/libkinova_msgs__rosidl_typesupport_introspection_cpp.so" to ""
[1.806s] -- Installing: /home/pc/intelrb_ws/install/kinova_msgs/lib/libkinova_msgs__rosidl_typesupport_cpp.so
[1.806s] -- Set runtime path of "/home/pc/intelrb_ws/install/kinova_msgs/lib/libkinova_msgs__rosidl_typesupport_cpp.so" to ""
[1.806s] -- Installing: /home/pc/intelrb_ws/install/kinova_msgs/share/kinova_msgs/environment/pythonpath.sh
[1.806s] -- Installing: /home/pc/intelrb_ws/install/kinova_msgs/share/kinova_msgs/environment/pythonpath.dsv
[1.806s] -- Installing: /home/pc/intelrb_ws/install/kinova_msgs/local/lib/python3.10/dist-packages/kinova_msgs-0.0.0-py3.10.egg-info
[1.806s] -- Installing: /home/pc/intelrb_ws/install/kinova_msgs/local/lib/python3.10/dist-packages/kinova_msgs-0.0.0-py3.10.egg-info/top_level.txt
[1.806s] -- Installing: /home/pc/intelrb_ws/install/kinova_msgs/local/lib/python3.10/dist-packages/kinova_msgs-0.0.0-py3.10.egg-info/dependency_links.txt
[1.806s] -- Installing: /home/pc/intelrb_ws/install/kinova_msgs/local/lib/python3.10/dist-packages/kinova_msgs-0.0.0-py3.10.egg-info/SOURCES.txt
[1.806s] -- Installing: /home/pc/intelrb_ws/install/kinova_msgs/local/lib/python3.10/dist-packages/kinova_msgs-0.0.0-py3.10.egg-info/PKG-INFO
[1.806s] -- Installing: /home/pc/intelrb_ws/install/kinova_msgs/local/lib/python3.10/dist-packages/kinova_msgs
[1.806s] -- Installing: /home/pc/intelrb_ws/install/kinova_msgs/local/lib/python3.10/dist-packages/kinova_msgs/msg
[1.806s] -- Installing: /home/pc/intelrb_ws/install/kinova_msgs/local/lib/python3.10/dist-packages/kinova_msgs/msg/__init__.py
[1.806s] -- Installing: /home/pc/intelrb_ws/install/kinova_msgs/local/lib/python3.10/dist-packages/kinova_msgs/msg/_kinova_command_s.c
[1.806s] -- Installing: /home/pc/intelrb_ws/install/kinova_msgs/local/lib/python3.10/dist-packages/kinova_msgs/msg/_kinova_command.py
[1.806s] -- Installing: /home/pc/intelrb_ws/install/kinova_msgs/local/lib/python3.10/dist-packages/kinova_msgs/__init__.py
[1.806s] -- Installing: /home/pc/intelrb_ws/install/kinova_msgs/local/lib/python3.10/dist-packages/kinova_msgs/_kinova_msgs_s.ep.rosidl_typesupport_c.c
[1.806s] -- Installing: /home/pc/intelrb_ws/install/kinova_msgs/local/lib/python3.10/dist-packages/kinova_msgs/kinova_msgs_s__rosidl_typesupport_c.cpython-310-x86_64-linux-gnu.so
[1.806s] -- Installing: /home/pc/intelrb_ws/install/kinova_msgs/local/lib/python3.10/dist-packages/kinova_msgs/_kinova_msgs_s.ep.rosidl_typesupport_introspection_c.c
[1.806s] -- Installing: /home/pc/intelrb_ws/install/kinova_msgs/local/lib/python3.10/dist-packages/kinova_msgs/kinova_msgs_s__rosidl_typesupport_fastrtps_c.cpython-310-x86_64-linux-gnu.so
[1.806s] -- Installing: /home/pc/intelrb_ws/install/kinova_msgs/local/lib/python3.10/dist-packages/kinova_msgs/_kinova_msgs_s.ep.rosidl_typesupport_fastrtps_c.c
[1.806s] -- Installing: /home/pc/intelrb_ws/install/kinova_msgs/local/lib/python3.10/dist-packages/kinova_msgs/kinova_msgs_s__rosidl_typesupport_introspection_c.cpython-310-x86_64-linux-gnu.so
[1.806s] -- Installing: /home/pc/intelrb_ws/install/kinova_msgs/local/lib/python3.10/dist-packages/kinova_msgs/libkinova_msgs__rosidl_generator_py.so
[1.828s] Listing '/home/pc/intelrb_ws/install/kinova_msgs/local/lib/python3.10/dist-packages/kinova_msgs'...
[1.828s] Compiling '/home/pc/intelrb_ws/install/kinova_msgs/local/lib/python3.10/dist-packages/kinova_msgs/__init__.py'...
[1.828s] Listing '/home/pc/intelrb_ws/install/kinova_msgs/local/lib/python3.10/dist-packages/kinova_msgs/msg'...
[1.828s] Compiling '/home/pc/intelrb_ws/install/kinova_msgs/local/lib/python3.10/dist-packages/kinova_msgs/msg/__init__.py'...
[1.828s] Compiling '/home/pc/intelrb_ws/install/kinova_msgs/local/lib/python3.10/dist-packages/kinova_msgs/msg/_kinova_command.py'...
[1.830s] -- Installing: /home/pc/intelrb_ws/install/kinova_msgs/local/lib/python3.10/dist-packages/kinova_msgs/kinova_msgs_s__rosidl_typesupport_fastrtps_c.cpython-310-x86_64-linux-gnu.so
[1.830s] -- Set runtime path of "/home/pc/intelrb_ws/install/kinova_msgs/local/lib/python3.10/dist-packages/kinova_msgs/kinova_msgs_s__rosidl_typesupport_fastrtps_c.cpython-310-x86_64-linux-gnu.so" to ""
[1.830s] -- Installing: /home/pc/intelrb_ws/install/kinova_msgs/local/lib/python3.10/dist-packages/kinova_msgs/kinova_msgs_s__rosidl_typesupport_introspection_c.cpython-310-x86_64-linux-gnu.so
[1.830s] -- Set runtime path of "/home/pc/intelrb_ws/install/kinova_msgs/local/lib/python3.10/dist-packages/kinova_msgs/kinova_msgs_s__rosidl_typesupport_introspection_c.cpython-310-x86_64-linux-gnu.so" to ""
[1.830s] -- Installing: /home/pc/intelrb_ws/install/kinova_msgs/local/lib/python3.10/dist-packages/kinova_msgs/kinova_msgs_s__rosidl_typesupport_c.cpython-310-x86_64-linux-gnu.so
[1.831s] -- Set runtime path of "/home/pc/intelrb_ws/install/kinova_msgs/local/lib/python3.10/dist-packages/kinova_msgs/kinova_msgs_s__rosidl_typesupport_c.cpython-310-x86_64-linux-gnu.so" to ""
[1.831s] -- Installing: /home/pc/intelrb_ws/install/kinova_msgs/lib/libkinova_msgs__rosidl_generator_py.so
[1.831s] -- Set runtime path of "/home/pc/intelrb_ws/install/kinova_msgs/lib/libkinova_msgs__rosidl_generator_py.so" to ""
[1.831s] -- Installing: /home/pc/intelrb_ws/install/kinova_msgs/share/kinova_msgs/msg/KinovaCommand.idl
[1.831s] -- Installing: /home/pc/intelrb_ws/install/kinova_msgs/share/kinova_msgs/msg/KinovaCommand.msg
[1.831s] -- Installing: /home/pc/intelrb_ws/install/kinova_msgs/share/ament_index/resource_index/package_run_dependencies/kinova_msgs
[1.831s] -- Installing: /home/pc/intelrb_ws/install/kinova_msgs/share/ament_index/resource_index/parent_prefix_path/kinova_msgs
[1.831s] -- Installing: /home/pc/intelrb_ws/install/kinova_msgs/share/kinova_msgs/environment/ament_prefix_path.sh
[1.831s] -- Installing: /home/pc/intelrb_ws/install/kinova_msgs/share/kinova_msgs/environment/ament_prefix_path.dsv
[1.831s] -- Installing: /home/pc/intelrb_ws/install/kinova_msgs/share/kinova_msgs/environment/path.sh
[1.831s] -- Installing: /home/pc/intelrb_ws/install/kinova_msgs/share/kinova_msgs/environment/path.dsv
[1.831s] -- Installing: /home/pc/intelrb_ws/install/kinova_msgs/share/kinova_msgs/local_setup.bash
[1.831s] -- Installing: /home/pc/intelrb_ws/install/kinova_msgs/share/kinova_msgs/local_setup.sh
[1.831s] -- Installing: /home/pc/intelrb_ws/install/kinova_msgs/share/kinova_msgs/local_setup.zsh
[1.831s] -- Installing: /home/pc/intelrb_ws/install/kinova_msgs/share/kinova_msgs/local_setup.dsv
[1.831s] -- Installing: /home/pc/intelrb_ws/install/kinova_msgs/share/kinova_msgs/package.dsv
[1.831s] -- Installing: /home/pc/intelrb_ws/install/kinova_msgs/share/ament_index/resource_index/packages/kinova_msgs
[1.831s] -- Installing: /home/pc/intelrb_ws/install/kinova_msgs/share/kinova_msgs/cmake/export_kinova_msgs__rosidl_generator_cExport.cmake
[1.831s] -- Installing: /home/pc/intelrb_ws/install/kinova_msgs/share/kinova_msgs/cmake/export_kinova_msgs__rosidl_generator_cExport-noconfig.cmake
[1.831s] -- Installing: /home/pc/intelrb_ws/install/kinova_msgs/share/kinova_msgs/cmake/export_kinova_msgs__rosidl_typesupport_fastrtps_cExport.cmake
[1.831s] -- Installing: /home/pc/intelrb_ws/install/kinova_msgs/share/kinova_msgs/cmake/export_kinova_msgs__rosidl_typesupport_fastrtps_cExport-noconfig.cmake
[1.831s] -- Installing: /home/pc/intelrb_ws/install/kinova_msgs/share/kinova_msgs/cmake/kinova_msgs__rosidl_typesupport_introspection_cExport.cmake
[1.831s] -- Installing: /home/pc/intelrb_ws/install/kinova_msgs/share/kinova_msgs/cmake/kinova_msgs__rosidl_typesupport_introspection_cExport-noconfig.cmake
[1.831s] -- Installing: /home/pc/intelrb_ws/install/kinova_msgs/share/kinova_msgs/cmake/kinova_msgs__rosidl_typesupport_cExport.cmake
[1.831s] -- Installing: /home/pc/intelrb_ws/install/kinova_msgs/share/kinova_msgs/cmake/kinova_msgs__rosidl_typesupport_cExport-noconfig.cmake
[1.831s] -- Installing: /home/pc/intelrb_ws/install/kinova_msgs/share/kinova_msgs/cmake/export_kinova_msgs__rosidl_generator_cppExport.cmake
[1.831s] -- Installing: /home/pc/intelrb_ws/install/kinova_msgs/share/kinova_msgs/cmake/export_kinova_msgs__rosidl_typesupport_fastrtps_cppExport.cmake
[1.831s] -- Installing: /home/pc/intelrb_ws/install/kinova_msgs/share/kinova_msgs/cmake/export_kinova_msgs__rosidl_typesupport_fastrtps_cppExport-noconfig.cmake
[1.832s] -- Installing: /home/pc/intelrb_ws/install/kinova_msgs/share/kinova_msgs/cmake/kinova_msgs__rosidl_typesupport_introspection_cppExport.cmake
[1.832s] -- Installing: /home/pc/intelrb_ws/install/kinova_msgs/share/kinova_msgs/cmake/kinova_msgs__rosidl_typesupport_introspection_cppExport-noconfig.cmake
[1.832s] -- Installing: /home/pc/intelrb_ws/install/kinova_msgs/share/kinova_msgs/cmake/kinova_msgs__rosidl_typesupport_cppExport.cmake
[1.832s] -- Installing: /home/pc/intelrb_ws/install/kinova_msgs/share/kinova_msgs/cmake/kinova_msgs__rosidl_typesupport_cppExport-noconfig.cmake
[1.832s] -- Installing: /home/pc/intelrb_ws/install/kinova_msgs/share/kinova_msgs/cmake/export_kinova_msgs__rosidl_generator_pyExport.cmake
[1.832s] -- Installing: /home/pc/intelrb_ws/install/kinova_msgs/share/kinova_msgs/cmake/export_kinova_msgs__rosidl_generator_pyExport-noconfig.cmake
[1.832s] -- Installing: /home/pc/intelrb_ws/install/kinova_msgs/share/kinova_msgs/cmake/rosidl_cmake-extras.cmake
[1.832s] -- Installing: /home/pc/intelrb_ws/install/kinova_msgs/share/kinova_msgs/cmake/ament_cmake_export_include_directories-extras.cmake
[1.832s] -- Installing: /home/pc/intelrb_ws/install/kinova_msgs/share/kinova_msgs/cmake/ament_cmake_export_libraries-extras.cmake
[1.832s] -- Installing: /home/pc/intelrb_ws/install/kinova_msgs/share/kinova_msgs/cmake/ament_cmake_export_targets-extras.cmake
[1.832s] -- Installing: /home/pc/intelrb_ws/install/kinova_msgs/share/kinova_msgs/cmake/rosidl_cmake_export_typesupport_targets-extras.cmake
[1.832s] -- Installing: /home/pc/intelrb_ws/install/kinova_msgs/share/kinova_msgs/cmake/ament_cmake_export_dependencies-extras.cmake
[1.832s] -- Installing: /home/pc/intelrb_ws/install/kinova_msgs/share/kinova_msgs/cmake/rosidl_cmake_export_typesupport_libraries-extras.cmake
[1.832s] -- Installing: /home/pc/intelrb_ws/install/kinova_msgs/share/kinova_msgs/cmake/kinova_msgsConfig.cmake
[1.832s] -- Installing: /home/pc/intelrb_ws/install/kinova_msgs/share/kinova_msgs/cmake/kinova_msgsConfig-version.cmake
[1.832s] -- Installing: /home/pc/intelrb_ws/install/kinova_msgs/share/kinova_msgs/package.xml
[1.833s] Invoked command in '/home/pc/intelrb_ws/build/kinova_msgs' returned '0': CMAKE_PREFIX_PATH=${CMAKE_PREFIX_PATH}:/home/pc/soomac_ws/install/dongsoo_vision_pkg:/home/pc/soomac_ws/install/dongsoo_control_pkg:/home/pc/zrobot_ws/install/arm_test_pkg:/home/pc/cont_ws/install/torque_test_pkg:/home/pc/cont_ws/install/pid_pkg:/home/pc/cont_ws/install/finger_pkg:/home/pc/cont_ws/install/control_continuum:/home/pc/mg_motor_ws/install/mg_test_pkg:/home/pc/mg_motor_ws/install/mg_motor_test:/home/pc/mg_motor_ws/install/homework_pkg:/home/pc/mg_motor_ws/install/head_moving:/opt/ros/humble /usr/bin/cmake --install /home/pc/intelrb_ws/build/kinova_msgs
