running develop
Removing /home/pc/intelrb_ws/install/kinova_control/lib/python3.10/site-packages/kinova-control.egg-link (link to .)
running egg_info
writing ../../build/kinova_control/kinova_control.egg-info/PKG-INFO
writing dependency_links to ../../build/kinova_control/kinova_control.egg-info/dependency_links.txt
writing entry points to ../../build/kinova_control/kinova_control.egg-info/entry_points.txt
writing requirements to ../../build/kinova_control/kinova_control.egg-info/requires.txt
writing top-level names to ../../build/kinova_control/kinova_control.egg-info/top_level.txt
reading manifest file '../../build/kinova_control/kinova_control.egg-info/SOURCES.txt'
writing manifest file '../../build/kinova_control/kinova_control.egg-info/SOURCES.txt'
running build
running build_py
copying kinova_control/vision_node.py -> /home/pc/intelrb_ws/build/kinova_control/build/lib/kinova_control
running install
running install_lib
copying /home/pc/intelrb_ws/build/kinova_control/build/lib/kinova_control/vision_node.py -> /home/pc/intelrb_ws/install/kinova_control/lib/python3.10/site-packages/kinova_control
copying /home/pc/intelrb_ws/build/kinova_control/build/lib/kinova_control/__init__.py -> /home/pc/intelrb_ws/install/kinova_control/lib/python3.10/site-packages/kinova_control
copying /home/pc/intelrb_ws/build/kinova_control/build/lib/kinova_control/kinova_driver_node.py -> /home/pc/intelrb_ws/install/kinova_control/lib/python3.10/site-packages/kinova_control
copying /home/pc/intelrb_ws/build/kinova_control/build/lib/kinova_control/utilities.py -> /home/pc/intelrb_ws/install/kinova_control/lib/python3.10/site-packages/kinova_control
byte-compiling /home/pc/intelrb_ws/install/kinova_control/lib/python3.10/site-packages/kinova_control/vision_node.py to vision_node.cpython-310.pyc
byte-compiling /home/pc/intelrb_ws/install/kinova_control/lib/python3.10/site-packages/kinova_control/__init__.py to __init__.cpython-310.pyc
byte-compiling /home/pc/intelrb_ws/install/kinova_control/lib/python3.10/site-packages/kinova_control/kinova_driver_node.py to kinova_driver_node.cpython-310.pyc
byte-compiling /home/pc/intelrb_ws/install/kinova_control/lib/python3.10/site-packages/kinova_control/utilities.py to utilities.cpython-310.pyc
running install_data
copying resource/kinova_control -> /home/pc/intelrb_ws/install/kinova_control/share/ament_index/resource_index/packages
copying package.xml -> /home/pc/intelrb_ws/install/kinova_control/share/kinova_control
running install_egg_info
Copying ../../build/kinova_control/kinova_control.egg-info to /home/pc/intelrb_ws/install/kinova_control/lib/python3.10/site-packages/kinova_control-0.0.0-py3.10.egg-info
running install_scripts
Installing kinova_driver_node script to /home/pc/intelrb_ws/install/kinova_control/lib/kinova_control
Installing test_node script to /home/pc/intelrb_ws/install/kinova_control/lib/kinova_control
Installing vision_node script to /home/pc/intelrb_ws/install/kinova_control/lib/kinova_control
writing list of installed files to '/home/pc/intelrb_ws/build/kinova_control/install.log'
