running develop
running egg_info
creating kinova_control.egg-info
writing kinova_control.egg-info/PKG-INFO
writing dependency_links to kinova_control.egg-info/dependency_links.txt
writing entry points to kinova_control.egg-info/entry_points.txt
writing requirements to kinova_control.egg-info/requires.txt
writing top-level names to kinova_control.egg-info/top_level.txt
writing manifest file 'kinova_control.egg-info/SOURCES.txt'
reading manifest file 'kinova_control.egg-info/SOURCES.txt'
writing manifest file 'kinova_control.egg-info/SOURCES.txt'
running build_ext
Creating /home/pc/robot_ws/install/kinova_control/lib/python3.10/site-packages/kinova-control.egg-link (link to .)

Installed /home/pc/robot_ws/build/kinova_control
running symlink_data
creating /home/pc/robot_ws/install/kinova_control/share/ament_index
creating /home/pc/robot_ws/install/kinova_control/share/ament_index/resource_index
creating /home/pc/robot_ws/install/kinova_control/share/ament_index/resource_index/packages
symbolically linking /home/pc/robot_ws/build/kinova_control/resource/kinova_control -> /home/pc/robot_ws/install/kinova_control/share/ament_index/resource_index/packages
symbolically linking /home/pc/robot_ws/build/kinova_control/package.xml -> /home/pc/robot_ws/install/kinova_control/share/kinova_control
