[0.387s] Invoking command in '/home/pc/robot_ws/build/kinova_control': PYTHONPATH=/home/pc/robot_ws/build/kinova_control/prefix_override:/usr/lib/python3/dist-packages/colcon_core/task/python/colcon_distutils_commands:/home/pc/robot_ws/install/kinova_control/lib/python3.10/site-packages:${PYTHONPATH} /usr/bin/python3 -W ignore:setup.py install is deprecated -W ignore:easy_install command is deprecated setup.py develop --editable --build-directory /home/pc/robot_ws/build/kinova_control/build --no-deps symlink_data
[0.554s] running develop
[0.644s] running egg_info
[0.644s] creating kinova_control.egg-info
[0.645s] writing kinova_control.egg-info/PKG-INFO
[0.645s] writing dependency_links to kinova_control.egg-info/dependency_links.txt
[0.645s] writing entry points to kinova_control.egg-info/entry_points.txt
[0.645s] writing requirements to kinova_control.egg-info/requires.txt
[0.645s] writing top-level names to kinova_control.egg-info/top_level.txt
[0.645s] writing manifest file 'kinova_control.egg-info/SOURCES.txt'
[0.646s] reading manifest file 'kinova_control.egg-info/SOURCES.txt'
[0.647s] writing manifest file 'kinova_control.egg-info/SOURCES.txt'
[0.648s] running build_ext
[0.648s] Creating /home/pc/robot_ws/install/kinova_control/lib/python3.10/site-packages/kinova-control.egg-link (link to .)
[0.648s] 
[0.648s] Installed /home/pc/robot_ws/build/kinova_control
[0.648s] running symlink_data
[0.649s] creating /home/pc/robot_ws/install/kinova_control/share/ament_index
[0.649s] creating /home/pc/robot_ws/install/kinova_control/share/ament_index/resource_index
[0.649s] creating /home/pc/robot_ws/install/kinova_control/share/ament_index/resource_index/packages
[0.649s] symbolically linking /home/pc/robot_ws/build/kinova_control/resource/kinova_control -> /home/pc/robot_ws/install/kinova_control/share/ament_index/resource_index/packages
[0.649s] symbolically linking /home/pc/robot_ws/build/kinova_control/package.xml -> /home/pc/robot_ws/install/kinova_control/share/kinova_control
[0.666s] Invoked command in '/home/pc/robot_ws/build/kinova_control' returned '0': PYTHONPATH=/home/pc/robot_ws/build/kinova_control/prefix_override:/usr/lib/python3/dist-packages/colcon_core/task/python/colcon_distutils_commands:/home/pc/robot_ws/install/kinova_control/lib/python3.10/site-packages:${PYTHONPATH} /usr/bin/python3 -W ignore:setup.py install is deprecated -W ignore:easy_install command is deprecated setup.py develop --editable --build-directory /home/pc/robot_ws/build/kinova_control/build --no-deps symlink_data
