[0.058s] DEBUG:colcon:Command line arguments: ['/usr/bin/colcon', 'build', '--base-paths', 'src']
[0.058s] DEBUG:colcon:Parsed command line arguments: Namespace(log_base=None, log_level=None, verb_name='build', build_base='build', install_base='install', merge_install=False, symlink_install=False, test_result_base=None, continue_on_error=False, executor='parallel', parallel_workers=16, event_handlers=None, ignore_user_meta=False, metas=['./colcon.meta'], base_paths=['src'], packages_ignore=None, packages_ignore_regex=None, paths=None, packages_up_to=None, packages_up_to_regex=None, packages_above=None, packages_above_and_dependencies=None, packages_above_depth=None, packages_select_by_dep=None, packages_skip_by_dep=None, packages_skip_up_to=None, packages_select_build_failed=False, packages_skip_build_finished=False, packages_select_test_failures=False, packages_skip_test_passed=False, packages_select=None, packages_skip=None, packages_select_regex=None, packages_skip_regex=None, packages_start=None, packages_end=None, allow_overriding=[], cmake_args=None, cmake_target=None, cmake_target_skip_unavailable=False, cmake_clean_cache=False, cmake_clean_first=False, cmake_force_configure=False, ament_cmake_args=None, catkin_cmake_args=None, catkin_skip_building_tests=False, mixin_files=None, mixin=None, verb_parser=<colcon_mixin.mixin.mixin_argument.MixinArgumentDecorator object at 0x737278188400>, verb_extension=<colcon_core.verb.build.BuildVerb object at 0x7372782893c0>, main=<bound method BuildVerb.main of <colcon_core.verb.build.BuildVerb object at 0x7372782893c0>>, mixin_verb=('build',))
[0.144s] Level 1:colcon.colcon_core.package_discovery:discover_packages(colcon_meta) check parameters
[0.144s] Level 1:colcon.colcon_core.package_discovery:discover_packages(recursive) check parameters
[0.144s] Level 1:colcon.colcon_core.package_discovery:discover_packages(ignore) check parameters
[0.144s] Level 1:colcon.colcon_core.package_discovery:discover_packages(path) check parameters
[0.144s] Level 1:colcon.colcon_core.package_discovery:discover_packages(recursive) discover
[0.144s] INFO:colcon.colcon_core.package_discovery:Crawling recursively for packages in '/home/pc/robot_ws/src'
[0.144s] Level 1:colcon.colcon_core.package_identification:_identify(src) by extensions ['ignore', 'ignore_ament_install']
[0.144s] Level 1:colcon.colcon_core.package_identification:_identify(src) by extension 'ignore'
[0.144s] Level 1:colcon.colcon_core.package_identification:_identify(src) by extension 'ignore_ament_install'
[0.144s] Level 1:colcon.colcon_core.package_identification:_identify(src) by extensions ['colcon_pkg']
[0.144s] Level 1:colcon.colcon_core.package_identification:_identify(src) by extension 'colcon_pkg'
[0.144s] Level 1:colcon.colcon_core.package_identification:_identify(src) by extensions ['colcon_meta']
[0.144s] Level 1:colcon.colcon_core.package_identification:_identify(src) by extension 'colcon_meta'
[0.144s] Level 1:colcon.colcon_core.package_identification:_identify(src) by extensions ['ros']
[0.144s] Level 1:colcon.colcon_core.package_identification:_identify(src) by extension 'ros'
[0.150s] Level 1:colcon.colcon_core.package_identification:_identify(src) by extensions ['cmake', 'python']
[0.150s] Level 1:colcon.colcon_core.package_identification:_identify(src) by extension 'cmake'
[0.150s] Level 1:colcon.colcon_core.package_identification:_identify(src) by extension 'python'
[0.150s] Level 1:colcon.colcon_core.package_identification:_identify(src) by extensions ['python_setup_py']
[0.150s] Level 1:colcon.colcon_core.package_identification:_identify(src) by extension 'python_setup_py'
[0.150s] Level 1:colcon.colcon_core.package_identification:_identify(src/practice) by extensions ['ignore', 'ignore_ament_install']
[0.150s] Level 1:colcon.colcon_core.package_identification:_identify(src/practice) by extension 'ignore'
[0.150s] Level 1:colcon.colcon_core.package_identification:_identify(src/practice) by extension 'ignore_ament_install'
[0.150s] Level 1:colcon.colcon_core.package_identification:_identify(src/practice) by extensions ['colcon_pkg']
[0.150s] Level 1:colcon.colcon_core.package_identification:_identify(src/practice) by extension 'colcon_pkg'
[0.151s] Level 1:colcon.colcon_core.package_identification:_identify(src/practice) by extensions ['colcon_meta']
[0.151s] Level 1:colcon.colcon_core.package_identification:_identify(src/practice) by extension 'colcon_meta'
[0.151s] Level 1:colcon.colcon_core.package_identification:_identify(src/practice) by extensions ['ros']
[0.151s] Level 1:colcon.colcon_core.package_identification:_identify(src/practice) by extension 'ros'
[0.151s] Level 1:colcon.colcon_core.package_identification:_identify(src/practice) by extensions ['cmake', 'python']
[0.151s] Level 1:colcon.colcon_core.package_identification:_identify(src/practice) by extension 'cmake'
[0.151s] Level 1:colcon.colcon_core.package_identification:_identify(src/practice) by extension 'python'
[0.151s] Level 1:colcon.colcon_core.package_identification:_identify(src/practice) by extensions ['python_setup_py']
[0.151s] Level 1:colcon.colcon_core.package_identification:_identify(src/practice) by extension 'python_setup_py'
[0.151s] Level 1:colcon.colcon_core.package_identification:_identify(src/practice/__pycache__) by extensions ['ignore', 'ignore_ament_install']
[0.151s] Level 1:colcon.colcon_core.package_identification:_identify(src/practice/__pycache__) by extension 'ignore'
[0.151s] Level 1:colcon.colcon_core.package_identification:_identify(src/practice/__pycache__) by extension 'ignore_ament_install'
[0.151s] Level 1:colcon.colcon_core.package_identification:_identify(src/practice/__pycache__) by extensions ['colcon_pkg']
[0.151s] Level 1:colcon.colcon_core.package_identification:_identify(src/practice/__pycache__) by extension 'colcon_pkg'
[0.151s] Level 1:colcon.colcon_core.package_identification:_identify(src/practice/__pycache__) by extensions ['colcon_meta']
[0.151s] Level 1:colcon.colcon_core.package_identification:_identify(src/practice/__pycache__) by extension 'colcon_meta'
[0.151s] Level 1:colcon.colcon_core.package_identification:_identify(src/practice/__pycache__) by extensions ['ros']
[0.151s] Level 1:colcon.colcon_core.package_identification:_identify(src/practice/__pycache__) by extension 'ros'
[0.151s] Level 1:colcon.colcon_core.package_identification:_identify(src/practice/__pycache__) by extensions ['cmake', 'python']
[0.151s] Level 1:colcon.colcon_core.package_identification:_identify(src/practice/__pycache__) by extension 'cmake'
[0.151s] Level 1:colcon.colcon_core.package_identification:_identify(src/practice/__pycache__) by extension 'python'
[0.151s] Level 1:colcon.colcon_core.package_identification:_identify(src/practice/__pycache__) by extensions ['python_setup_py']
[0.151s] Level 1:colcon.colcon_core.package_identification:_identify(src/practice/__pycache__) by extension 'python_setup_py'
[0.151s] Level 1:colcon.colcon_core.package_identification:_identify(src/week_6) by extensions ['ignore', 'ignore_ament_install']
[0.151s] Level 1:colcon.colcon_core.package_identification:_identify(src/week_6) by extension 'ignore'
[0.151s] Level 1:colcon.colcon_core.package_identification:_identify(src/week_6) by extension 'ignore_ament_install'
[0.151s] Level 1:colcon.colcon_core.package_identification:_identify(src/week_6) by extensions ['colcon_pkg']
[0.151s] Level 1:colcon.colcon_core.package_identification:_identify(src/week_6) by extension 'colcon_pkg'
[0.151s] Level 1:colcon.colcon_core.package_identification:_identify(src/week_6) by extensions ['colcon_meta']
[0.151s] Level 1:colcon.colcon_core.package_identification:_identify(src/week_6) by extension 'colcon_meta'
[0.151s] Level 1:colcon.colcon_core.package_identification:_identify(src/week_6) by extensions ['ros']
[0.151s] Level 1:colcon.colcon_core.package_identification:_identify(src/week_6) by extension 'ros'
[0.151s] Level 1:colcon.colcon_core.package_identification:_identify(src/week_6) by extensions ['cmake', 'python']
[0.151s] Level 1:colcon.colcon_core.package_identification:_identify(src/week_6) by extension 'cmake'
[0.151s] Level 1:colcon.colcon_core.package_identification:_identify(src/week_6) by extension 'python'
[0.151s] Level 1:colcon.colcon_core.package_identification:_identify(src/week_6) by extensions ['python_setup_py']
[0.151s] Level 1:colcon.colcon_core.package_identification:_identify(src/week_6) by extension 'python_setup_py'
[0.151s] Level 1:colcon.colcon_core.package_discovery:discover_packages(recursive) using defaults
[0.171s] Level 1:colcon.colcon_core.package_discovery:discover_packages(prefix_path) check parameters
[0.171s] Level 1:colcon.colcon_core.package_discovery:discover_packages(prefix_path) discover
[0.172s] DEBUG:colcon.colcon_installed_package_information.package_discovery:Found 5 installed packages in /home/pc/cont_ws/install
[0.173s] DEBUG:colcon.colcon_installed_package_information.package_discovery:Found 271 installed packages in /opt/ros/humble
[0.174s] Level 1:colcon.colcon_core.package_discovery:discover_packages(prefix_path) using defaults
[0.191s] INFO:colcon.colcon_core.executor:Executing jobs using 'parallel' executor
[0.192s] DEBUG:colcon.colcon_parallel_executor.executor.parallel:run_until_complete
[0.192s] DEBUG:colcon.colcon_parallel_executor.executor.parallel:closing loop
[0.192s] DEBUG:colcon.colcon_parallel_executor.executor.parallel:loop closed
[0.192s] DEBUG:colcon.colcon_parallel_executor.executor.parallel:run_until_complete finished with '0'
[0.192s] DEBUG:colcon.colcon_core.event_reactor:joining thread
[0.206s] INFO:colcon.colcon_core.plugin_system:Skipping extension 'colcon_notification.desktop_notification.terminal_notifier': Not used on non-Darwin systems
[0.206s] INFO:colcon.colcon_core.plugin_system:Skipping extension 'colcon_notification.desktop_notification.win32': Not used on non-Windows systems
[0.206s] INFO:colcon.colcon_notification.desktop_notification:Sending desktop notification using 'notify2'
[0.223s] DEBUG:colcon.colcon_core.event_reactor:joined thread
[0.226s] INFO:colcon.colcon_core.plugin_system:Skipping extension 'colcon_core.shell.bat': Not used on non-Windows systems
[0.226s] INFO:colcon.colcon_core.shell:Creating prefix script '/home/pc/robot_ws/install/local_setup.ps1'
[0.227s] INFO:colcon.colcon_core.shell:Creating prefix util module '/home/pc/robot_ws/install/_local_setup_util_ps1.py'
[0.228s] INFO:colcon.colcon_core.shell:Creating prefix chain script '/home/pc/robot_ws/install/setup.ps1'
[0.228s] INFO:colcon.colcon_core.shell:Creating prefix script '/home/pc/robot_ws/install/local_setup.sh'
[0.229s] INFO:colcon.colcon_core.shell:Creating prefix util module '/home/pc/robot_ws/install/_local_setup_util_sh.py'
[0.229s] INFO:colcon.colcon_core.shell:Creating prefix chain script '/home/pc/robot_ws/install/setup.sh'
[0.230s] INFO:colcon.colcon_core.shell:Creating prefix script '/home/pc/robot_ws/install/local_setup.bash'
[0.230s] INFO:colcon.colcon_core.shell:Creating prefix chain script '/home/pc/robot_ws/install/setup.bash'
[0.231s] INFO:colcon.colcon_core.shell:Creating prefix script '/home/pc/robot_ws/install/local_setup.zsh'
[0.231s] INFO:colcon.colcon_core.shell:Creating prefix chain script '/home/pc/robot_ws/install/setup.zsh'
