[0.006s] Invoking command in '/home/pc/intelrb_ws/build/kinova_msgs': CMAKE_PREFIX_PATH=${CMAKE_PREFIX_PATH}:/home/pc/intelrb_ws/install/kinova_control:/home/pc/soomac_ws/install/dongsoo_vision_pkg:/home/pc/soomac_ws/install/dongsoo_control_pkg:/home/pc/zrobot_ws/install/arm_test_pkg:/home/pc/cont_ws/install/torque_test_pkg:/home/pc/cont_ws/install/pid_pkg:/home/pc/cont_ws/install/finger_pkg:/home/pc/cont_ws/install/control_continuum:/home/pc/mg_motor_ws/install/mg_test_pkg:/home/pc/mg_motor_ws/install/mg_motor_test:/home/pc/mg_motor_ws/install/homework_pkg:/home/pc/mg_motor_ws/install/head_moving:/opt/ros/humble /usr/bin/cmake --build /home/pc/intelrb_ws/build/kinova_msgs -- -j32 -l32
[0.030s] [35m[1mConsolidate compiler generated dependencies of target kinova_msgs__rosidl_generator_c[0m
[0.035s] [  9%] Built target kinova_msgs__rosidl_generator_c
[0.037s] [ 12%] Built target kinova_msgs__cpp
[0.040s] [35m[1mConsolidate compiler generated dependencies of target kinova_msgs__rosidl_typesupport_c[0m
[0.040s] [35m[1mConsolidate compiler generated dependencies of target kinova_msgs__rosidl_typesupport_fastrtps_c[0m
[0.040s] [ 12%] Built target ament_cmake_python_copy_kinova_msgs
[0.041s] [35m[1mConsolidate compiler generated dependencies of target kinova_msgs__rosidl_typesupport_introspection_c[0m
[0.041s] [35m[1mConsolidate compiler generated dependencies of target kinova_msgs__rosidl_typesupport_cpp[0m
[0.043s] [35m[1mConsolidate compiler generated dependencies of target kinova_msgs__rosidl_typesupport_fastrtps_cpp[0m
[0.043s] [35m[1mConsolidate compiler generated dependencies of target kinova_msgs__rosidl_typesupport_introspection_cpp[0m
[0.046s] [ 22%] Built target kinova_msgs__rosidl_typesupport_c
[0.048s] [ 32%] Built target kinova_msgs__rosidl_typesupport_fastrtps_c
[0.048s] [ 41%] Built target kinova_msgs__rosidl_typesupport_introspection_c
[0.049s] [ 51%] Built target kinova_msgs__rosidl_typesupport_cpp
[0.052s] [ 61%] Built target kinova_msgs__rosidl_typesupport_introspection_cpp
[0.052s] [ 70%] Built target kinova_msgs__rosidl_typesupport_fastrtps_cpp
[0.064s] [ 70%] Built target kinova_msgs
[0.075s] [ 74%] Built target kinova_msgs__py
[0.081s] [35m[1mConsolidate compiler generated dependencies of target kinova_msgs__rosidl_generator_py[0m
[0.089s] [ 80%] Built target kinova_msgs__rosidl_generator_py
[0.096s] [35m[1mConsolidate compiler generated dependencies of target kinova_msgs__rosidl_typesupport_fastrtps_c__pyext[0m
[0.096s] [35m[1mConsolidate compiler generated dependencies of target kinova_msgs__rosidl_typesupport_c__pyext[0m
[0.096s] [35m[1mConsolidate compiler generated dependencies of target kinova_msgs__rosidl_typesupport_introspection_c__pyext[0m
[0.104s] [ 87%] Built target kinova_msgs__rosidl_typesupport_fastrtps_c__pyext
[0.104s] [100%] Built target kinova_msgs__rosidl_typesupport_c__pyext
[0.104s] [100%] Built target kinova_msgs__rosidl_typesupport_introspection_c__pyext
[0.164s] running egg_info
[0.164s] writing kinova_msgs.egg-info/PKG-INFO
[0.164s] writing dependency_links to kinova_msgs.egg-info/dependency_links.txt
[0.164s] writing top-level names to kinova_msgs.egg-info/top_level.txt
[0.165s] reading manifest file 'kinova_msgs.egg-info/SOURCES.txt'
[0.165s] writing manifest file 'kinova_msgs.egg-info/SOURCES.txt'
[0.179s] [100%] Built target ament_cmake_python_build_kinova_msgs_egg
[0.186s] Invoked command in '/home/pc/intelrb_ws/build/kinova_msgs' returned '0': CMAKE_PREFIX_PATH=${CMAKE_PREFIX_PATH}:/home/pc/intelrb_ws/install/kinova_control:/home/pc/soomac_ws/install/dongsoo_vision_pkg:/home/pc/soomac_ws/install/dongsoo_control_pkg:/home/pc/zrobot_ws/install/arm_test_pkg:/home/pc/cont_ws/install/torque_test_pkg:/home/pc/cont_ws/install/pid_pkg:/home/pc/cont_ws/install/finger_pkg:/home/pc/cont_ws/install/control_continuum:/home/pc/mg_motor_ws/install/mg_test_pkg:/home/pc/mg_motor_ws/install/mg_motor_test:/home/pc/mg_motor_ws/install/homework_pkg:/home/pc/mg_motor_ws/install/head_moving:/opt/ros/humble /usr/bin/cmake --build /home/pc/intelrb_ws/build/kinova_msgs -- -j32 -l32
[0.192s] Invoking command in '/home/pc/intelrb_ws/build/kinova_msgs': CMAKE_PREFIX_PATH=${CMAKE_PREFIX_PATH}:/home/pc/intelrb_ws/install/kinova_control:/home/pc/soomac_ws/install/dongsoo_vision_pkg:/home/pc/soomac_ws/install/dongsoo_control_pkg:/home/pc/zrobot_ws/install/arm_test_pkg:/home/pc/cont_ws/install/torque_test_pkg:/home/pc/cont_ws/install/pid_pkg:/home/pc/cont_ws/install/finger_pkg:/home/pc/cont_ws/install/control_continuum:/home/pc/mg_motor_ws/install/mg_test_pkg:/home/pc/mg_motor_ws/install/mg_motor_test:/home/pc/mg_motor_ws/install/homework_pkg:/home/pc/mg_motor_ws/install/head_moving:/opt/ros/humble /usr/bin/cmake --install /home/pc/intelrb_ws/build/kinova_msgs
[0.196s] -- Install configuration: ""
[0.196s] -- Up-to-date: /home/pc/intelrb_ws/install/kinova_msgs/share/ament_index/resource_index/rosidl_interfaces/kinova_msgs
[0.196s] -- Up-to-date: /home/pc/intelrb_ws/install/kinova_msgs/include/kinova_msgs/kinova_msgs
[0.196s] -- Up-to-date: /home/pc/intelrb_ws/install/kinova_msgs/include/kinova_msgs/kinova_msgs/msg
[0.196s] -- Up-to-date: /home/pc/intelrb_ws/install/kinova_msgs/include/kinova_msgs/kinova_msgs/msg/rosidl_generator_c__visibility_control.h
[0.196s] -- Up-to-date: /home/pc/intelrb_ws/install/kinova_msgs/include/kinova_msgs/kinova_msgs/msg/detail
[0.196s] -- Up-to-date: /home/pc/intelrb_ws/install/kinova_msgs/include/kinova_msgs/kinova_msgs/msg/detail/kinova_command__functions.h
[0.196s] -- Up-to-date: /home/pc/intelrb_ws/install/kinova_msgs/include/kinova_msgs/kinova_msgs/msg/detail/kinova_command__type_support.h
[0.196s] -- Up-to-date: /home/pc/intelrb_ws/install/kinova_msgs/include/kinova_msgs/kinova_msgs/msg/detail/kinova_command__struct.h
[0.196s] -- Up-to-date: /home/pc/intelrb_ws/install/kinova_msgs/include/kinova_msgs/kinova_msgs/msg/detail/kinova_command__functions.c
[0.196s] -- Up-to-date: /home/pc/intelrb_ws/install/kinova_msgs/include/kinova_msgs/kinova_msgs/msg/kinova_command.h
[0.196s] -- Up-to-date: /home/pc/intelrb_ws/install/kinova_msgs/share/kinova_msgs/environment/library_path.sh
[0.196s] -- Up-to-date: /home/pc/intelrb_ws/install/kinova_msgs/share/kinova_msgs/environment/library_path.dsv
[0.196s] -- Up-to-date: /home/pc/intelrb_ws/install/kinova_msgs/lib/libkinova_msgs__rosidl_generator_c.so
[0.196s] -- Up-to-date: /home/pc/intelrb_ws/install/kinova_msgs/include/kinova_msgs/kinova_msgs
[0.196s] -- Up-to-date: /home/pc/intelrb_ws/install/kinova_msgs/include/kinova_msgs/kinova_msgs/msg
[0.196s] -- Up-to-date: /home/pc/intelrb_ws/install/kinova_msgs/include/kinova_msgs/kinova_msgs/msg/detail
[0.196s] -- Up-to-date: /home/pc/intelrb_ws/install/kinova_msgs/include/kinova_msgs/kinova_msgs/msg/detail/kinova_command__rosidl_typesupport_fastrtps_c.h
[0.196s] -- Up-to-date: /home/pc/intelrb_ws/install/kinova_msgs/include/kinova_msgs/kinova_msgs/msg/rosidl_typesupport_fastrtps_c__visibility_control.h
[0.197s] -- Up-to-date: /home/pc/intelrb_ws/install/kinova_msgs/lib/libkinova_msgs__rosidl_typesupport_fastrtps_c.so
[0.197s] -- Up-to-date: /home/pc/intelrb_ws/install/kinova_msgs/include/kinova_msgs/kinova_msgs
[0.197s] -- Up-to-date: /home/pc/intelrb_ws/install/kinova_msgs/include/kinova_msgs/kinova_msgs/msg
[0.197s] -- Up-to-date: /home/pc/intelrb_ws/install/kinova_msgs/include/kinova_msgs/kinova_msgs/msg/detail
[0.197s] -- Up-to-date: /home/pc/intelrb_ws/install/kinova_msgs/include/kinova_msgs/kinova_msgs/msg/detail/kinova_command__type_support.c
[0.197s] -- Up-to-date: /home/pc/intelrb_ws/install/kinova_msgs/include/kinova_msgs/kinova_msgs/msg/detail/kinova_command__rosidl_typesupport_introspection_c.h
[0.197s] -- Up-to-date: /home/pc/intelrb_ws/install/kinova_msgs/include/kinova_msgs/kinova_msgs/msg/rosidl_typesupport_introspection_c__visibility_control.h
[0.197s] -- Up-to-date: /home/pc/intelrb_ws/install/kinova_msgs/lib/libkinova_msgs__rosidl_typesupport_introspection_c.so
[0.197s] -- Up-to-date: /home/pc/intelrb_ws/install/kinova_msgs/lib/libkinova_msgs__rosidl_typesupport_c.so
[0.197s] -- Up-to-date: /home/pc/intelrb_ws/install/kinova_msgs/include/kinova_msgs/kinova_msgs
[0.197s] -- Up-to-date: /home/pc/intelrb_ws/install/kinova_msgs/include/kinova_msgs/kinova_msgs/msg
[0.197s] -- Up-to-date: /home/pc/intelrb_ws/install/kinova_msgs/include/kinova_msgs/kinova_msgs/msg/rosidl_generator_cpp__visibility_control.hpp
[0.197s] -- Up-to-date: /home/pc/intelrb_ws/install/kinova_msgs/include/kinova_msgs/kinova_msgs/msg/detail
[0.197s] -- Up-to-date: /home/pc/intelrb_ws/install/kinova_msgs/include/kinova_msgs/kinova_msgs/msg/detail/kinova_command__struct.hpp
[0.197s] -- Up-to-date: /home/pc/intelrb_ws/install/kinova_msgs/include/kinova_msgs/kinova_msgs/msg/detail/kinova_command__traits.hpp
[0.197s] -- Up-to-date: /home/pc/intelrb_ws/install/kinova_msgs/include/kinova_msgs/kinova_msgs/msg/detail/kinova_command__type_support.hpp
[0.197s] -- Up-to-date: /home/pc/intelrb_ws/install/kinova_msgs/include/kinova_msgs/kinova_msgs/msg/detail/kinova_command__builder.hpp
[0.197s] -- Up-to-date: /home/pc/intelrb_ws/install/kinova_msgs/include/kinova_msgs/kinova_msgs/msg/kinova_command.hpp
[0.197s] -- Up-to-date: /home/pc/intelrb_ws/install/kinova_msgs/include/kinova_msgs/kinova_msgs
[0.197s] -- Up-to-date: /home/pc/intelrb_ws/install/kinova_msgs/include/kinova_msgs/kinova_msgs/msg
[0.197s] -- Up-to-date: /home/pc/intelrb_ws/install/kinova_msgs/include/kinova_msgs/kinova_msgs/msg/detail
[0.197s] -- Up-to-date: /home/pc/intelrb_ws/install/kinova_msgs/include/kinova_msgs/kinova_msgs/msg/detail/dds_fastrtps
[0.197s] -- Up-to-date: /home/pc/intelrb_ws/install/kinova_msgs/include/kinova_msgs/kinova_msgs/msg/detail/kinova_command__rosidl_typesupport_fastrtps_cpp.hpp
[0.197s] -- Up-to-date: /home/pc/intelrb_ws/install/kinova_msgs/include/kinova_msgs/kinova_msgs/msg/rosidl_typesupport_fastrtps_cpp__visibility_control.h
[0.197s] -- Up-to-date: /home/pc/intelrb_ws/install/kinova_msgs/lib/libkinova_msgs__rosidl_typesupport_fastrtps_cpp.so
[0.197s] -- Up-to-date: /home/pc/intelrb_ws/install/kinova_msgs/include/kinova_msgs/kinova_msgs
[0.197s] -- Up-to-date: /home/pc/intelrb_ws/install/kinova_msgs/include/kinova_msgs/kinova_msgs/msg
[0.197s] -- Up-to-date: /home/pc/intelrb_ws/install/kinova_msgs/include/kinova_msgs/kinova_msgs/msg/detail
[0.197s] -- Up-to-date: /home/pc/intelrb_ws/install/kinova_msgs/include/kinova_msgs/kinova_msgs/msg/detail/kinova_command__type_support.cpp
[0.197s] -- Up-to-date: /home/pc/intelrb_ws/install/kinova_msgs/include/kinova_msgs/kinova_msgs/msg/detail/kinova_command__rosidl_typesupport_introspection_cpp.hpp
[0.197s] -- Up-to-date: /home/pc/intelrb_ws/install/kinova_msgs/lib/libkinova_msgs__rosidl_typesupport_introspection_cpp.so
[0.197s] -- Up-to-date: /home/pc/intelrb_ws/install/kinova_msgs/lib/libkinova_msgs__rosidl_typesupport_cpp.so
[0.197s] -- Up-to-date: /home/pc/intelrb_ws/install/kinova_msgs/share/kinova_msgs/environment/pythonpath.sh
[0.197s] -- Up-to-date: /home/pc/intelrb_ws/install/kinova_msgs/share/kinova_msgs/environment/pythonpath.dsv
[0.197s] -- Up-to-date: /home/pc/intelrb_ws/install/kinova_msgs/local/lib/python3.10/dist-packages/kinova_msgs-0.0.0-py3.10.egg-info
[0.197s] -- Installing: /home/pc/intelrb_ws/install/kinova_msgs/local/lib/python3.10/dist-packages/kinova_msgs-0.0.0-py3.10.egg-info/top_level.txt
[0.197s] -- Installing: /home/pc/intelrb_ws/install/kinova_msgs/local/lib/python3.10/dist-packages/kinova_msgs-0.0.0-py3.10.egg-info/dependency_links.txt
[0.197s] -- Installing: /home/pc/intelrb_ws/install/kinova_msgs/local/lib/python3.10/dist-packages/kinova_msgs-0.0.0-py3.10.egg-info/SOURCES.txt
[0.198s] -- Installing: /home/pc/intelrb_ws/install/kinova_msgs/local/lib/python3.10/dist-packages/kinova_msgs-0.0.0-py3.10.egg-info/PKG-INFO
[0.198s] -- Up-to-date: /home/pc/intelrb_ws/install/kinova_msgs/local/lib/python3.10/dist-packages/kinova_msgs
[0.198s] -- Up-to-date: /home/pc/intelrb_ws/install/kinova_msgs/local/lib/python3.10/dist-packages/kinova_msgs/msg
[0.198s] -- Up-to-date: /home/pc/intelrb_ws/install/kinova_msgs/local/lib/python3.10/dist-packages/kinova_msgs/msg/__init__.py
[0.198s] -- Up-to-date: /home/pc/intelrb_ws/install/kinova_msgs/local/lib/python3.10/dist-packages/kinova_msgs/msg/_kinova_command_s.c
[0.198s] -- Up-to-date: /home/pc/intelrb_ws/install/kinova_msgs/local/lib/python3.10/dist-packages/kinova_msgs/msg/_kinova_command.py
[0.198s] -- Up-to-date: /home/pc/intelrb_ws/install/kinova_msgs/local/lib/python3.10/dist-packages/kinova_msgs/__init__.py
[0.198s] -- Up-to-date: /home/pc/intelrb_ws/install/kinova_msgs/local/lib/python3.10/dist-packages/kinova_msgs/_kinova_msgs_s.ep.rosidl_typesupport_c.c
[0.198s] -- Up-to-date: /home/pc/intelrb_ws/install/kinova_msgs/local/lib/python3.10/dist-packages/kinova_msgs/kinova_msgs_s__rosidl_typesupport_c.cpython-310-x86_64-linux-gnu.so
[0.198s] -- Up-to-date: /home/pc/intelrb_ws/install/kinova_msgs/local/lib/python3.10/dist-packages/kinova_msgs/_kinova_msgs_s.ep.rosidl_typesupport_introspection_c.c
[0.198s] -- Up-to-date: /home/pc/intelrb_ws/install/kinova_msgs/local/lib/python3.10/dist-packages/kinova_msgs/kinova_msgs_s__rosidl_typesupport_fastrtps_c.cpython-310-x86_64-linux-gnu.so
[0.198s] -- Up-to-date: /home/pc/intelrb_ws/install/kinova_msgs/local/lib/python3.10/dist-packages/kinova_msgs/_kinova_msgs_s.ep.rosidl_typesupport_fastrtps_c.c
[0.198s] -- Up-to-date: /home/pc/intelrb_ws/install/kinova_msgs/local/lib/python3.10/dist-packages/kinova_msgs/kinova_msgs_s__rosidl_typesupport_introspection_c.cpython-310-x86_64-linux-gnu.so
[0.198s] -- Up-to-date: /home/pc/intelrb_ws/install/kinova_msgs/local/lib/python3.10/dist-packages/kinova_msgs/libkinova_msgs__rosidl_generator_py.so
[0.217s] Listing '/home/pc/intelrb_ws/install/kinova_msgs/local/lib/python3.10/dist-packages/kinova_msgs'...
[0.217s] Listing '/home/pc/intelrb_ws/install/kinova_msgs/local/lib/python3.10/dist-packages/kinova_msgs/msg'...
[0.219s] -- Up-to-date: /home/pc/intelrb_ws/install/kinova_msgs/local/lib/python3.10/dist-packages/kinova_msgs/kinova_msgs_s__rosidl_typesupport_fastrtps_c.cpython-310-x86_64-linux-gnu.so
[0.219s] -- Up-to-date: /home/pc/intelrb_ws/install/kinova_msgs/local/lib/python3.10/dist-packages/kinova_msgs/kinova_msgs_s__rosidl_typesupport_introspection_c.cpython-310-x86_64-linux-gnu.so
[0.219s] -- Up-to-date: /home/pc/intelrb_ws/install/kinova_msgs/local/lib/python3.10/dist-packages/kinova_msgs/kinova_msgs_s__rosidl_typesupport_c.cpython-310-x86_64-linux-gnu.so
[0.219s] -- Up-to-date: /home/pc/intelrb_ws/install/kinova_msgs/lib/libkinova_msgs__rosidl_generator_py.so
[0.219s] -- Up-to-date: /home/pc/intelrb_ws/install/kinova_msgs/share/kinova_msgs/msg/KinovaCommand.idl
[0.219s] -- Up-to-date: /home/pc/intelrb_ws/install/kinova_msgs/share/kinova_msgs/msg/KinovaCommand.msg
[0.220s] -- Up-to-date: /home/pc/intelrb_ws/install/kinova_msgs/share/ament_index/resource_index/package_run_dependencies/kinova_msgs
[0.220s] -- Up-to-date: /home/pc/intelrb_ws/install/kinova_msgs/share/ament_index/resource_index/parent_prefix_path/kinova_msgs
[0.220s] -- Up-to-date: /home/pc/intelrb_ws/install/kinova_msgs/share/kinova_msgs/environment/ament_prefix_path.sh
[0.220s] -- Up-to-date: /home/pc/intelrb_ws/install/kinova_msgs/share/kinova_msgs/environment/ament_prefix_path.dsv
[0.220s] -- Up-to-date: /home/pc/intelrb_ws/install/kinova_msgs/share/kinova_msgs/environment/path.sh
[0.220s] -- Up-to-date: /home/pc/intelrb_ws/install/kinova_msgs/share/kinova_msgs/environment/path.dsv
[0.220s] -- Up-to-date: /home/pc/intelrb_ws/install/kinova_msgs/share/kinova_msgs/local_setup.bash
[0.220s] -- Up-to-date: /home/pc/intelrb_ws/install/kinova_msgs/share/kinova_msgs/local_setup.sh
[0.220s] -- Up-to-date: /home/pc/intelrb_ws/install/kinova_msgs/share/kinova_msgs/local_setup.zsh
[0.220s] -- Up-to-date: /home/pc/intelrb_ws/install/kinova_msgs/share/kinova_msgs/local_setup.dsv
[0.220s] -- Up-to-date: /home/pc/intelrb_ws/install/kinova_msgs/share/kinova_msgs/package.dsv
[0.220s] -- Up-to-date: /home/pc/intelrb_ws/install/kinova_msgs/share/ament_index/resource_index/packages/kinova_msgs
[0.220s] -- Up-to-date: /home/pc/intelrb_ws/install/kinova_msgs/share/kinova_msgs/cmake/export_kinova_msgs__rosidl_generator_cExport.cmake
[0.220s] -- Up-to-date: /home/pc/intelrb_ws/install/kinova_msgs/share/kinova_msgs/cmake/export_kinova_msgs__rosidl_generator_cExport-noconfig.cmake
[0.220s] -- Up-to-date: /home/pc/intelrb_ws/install/kinova_msgs/share/kinova_msgs/cmake/export_kinova_msgs__rosidl_typesupport_fastrtps_cExport.cmake
[0.220s] -- Up-to-date: /home/pc/intelrb_ws/install/kinova_msgs/share/kinova_msgs/cmake/export_kinova_msgs__rosidl_typesupport_fastrtps_cExport-noconfig.cmake
[0.220s] -- Up-to-date: /home/pc/intelrb_ws/install/kinova_msgs/share/kinova_msgs/cmake/kinova_msgs__rosidl_typesupport_introspection_cExport.cmake
[0.220s] -- Up-to-date: /home/pc/intelrb_ws/install/kinova_msgs/share/kinova_msgs/cmake/kinova_msgs__rosidl_typesupport_introspection_cExport-noconfig.cmake
[0.220s] -- Up-to-date: /home/pc/intelrb_ws/install/kinova_msgs/share/kinova_msgs/cmake/kinova_msgs__rosidl_typesupport_cExport.cmake
[0.220s] -- Up-to-date: /home/pc/intelrb_ws/install/kinova_msgs/share/kinova_msgs/cmake/kinova_msgs__rosidl_typesupport_cExport-noconfig.cmake
[0.220s] -- Up-to-date: /home/pc/intelrb_ws/install/kinova_msgs/share/kinova_msgs/cmake/export_kinova_msgs__rosidl_generator_cppExport.cmake
[0.220s] -- Up-to-date: /home/pc/intelrb_ws/install/kinova_msgs/share/kinova_msgs/cmake/export_kinova_msgs__rosidl_typesupport_fastrtps_cppExport.cmake
[0.220s] -- Up-to-date: /home/pc/intelrb_ws/install/kinova_msgs/share/kinova_msgs/cmake/export_kinova_msgs__rosidl_typesupport_fastrtps_cppExport-noconfig.cmake
[0.220s] -- Up-to-date: /home/pc/intelrb_ws/install/kinova_msgs/share/kinova_msgs/cmake/kinova_msgs__rosidl_typesupport_introspection_cppExport.cmake
[0.220s] -- Up-to-date: /home/pc/intelrb_ws/install/kinova_msgs/share/kinova_msgs/cmake/kinova_msgs__rosidl_typesupport_introspection_cppExport-noconfig.cmake
[0.220s] -- Up-to-date: /home/pc/intelrb_ws/install/kinova_msgs/share/kinova_msgs/cmake/kinova_msgs__rosidl_typesupport_cppExport.cmake
[0.220s] -- Up-to-date: /home/pc/intelrb_ws/install/kinova_msgs/share/kinova_msgs/cmake/kinova_msgs__rosidl_typesupport_cppExport-noconfig.cmake
[0.220s] -- Up-to-date: /home/pc/intelrb_ws/install/kinova_msgs/share/kinova_msgs/cmake/export_kinova_msgs__rosidl_generator_pyExport.cmake
[0.220s] -- Up-to-date: /home/pc/intelrb_ws/install/kinova_msgs/share/kinova_msgs/cmake/export_kinova_msgs__rosidl_generator_pyExport-noconfig.cmake
[0.220s] -- Up-to-date: /home/pc/intelrb_ws/install/kinova_msgs/share/kinova_msgs/cmake/rosidl_cmake-extras.cmake
[0.220s] -- Up-to-date: /home/pc/intelrb_ws/install/kinova_msgs/share/kinova_msgs/cmake/ament_cmake_export_include_directories-extras.cmake
[0.220s] -- Up-to-date: /home/pc/intelrb_ws/install/kinova_msgs/share/kinova_msgs/cmake/ament_cmake_export_libraries-extras.cmake
[0.220s] -- Up-to-date: /home/pc/intelrb_ws/install/kinova_msgs/share/kinova_msgs/cmake/ament_cmake_export_targets-extras.cmake
[0.220s] -- Up-to-date: /home/pc/intelrb_ws/install/kinova_msgs/share/kinova_msgs/cmake/rosidl_cmake_export_typesupport_targets-extras.cmake
[0.220s] -- Up-to-date: /home/pc/intelrb_ws/install/kinova_msgs/share/kinova_msgs/cmake/ament_cmake_export_dependencies-extras.cmake
[0.220s] -- Up-to-date: /home/pc/intelrb_ws/install/kinova_msgs/share/kinova_msgs/cmake/rosidl_cmake_export_typesupport_libraries-extras.cmake
[0.220s] -- Up-to-date: /home/pc/intelrb_ws/install/kinova_msgs/share/kinova_msgs/cmake/kinova_msgsConfig.cmake
[0.220s] -- Up-to-date: /home/pc/intelrb_ws/install/kinova_msgs/share/kinova_msgs/cmake/kinova_msgsConfig-version.cmake
[0.221s] -- Up-to-date: /home/pc/intelrb_ws/install/kinova_msgs/share/kinova_msgs/package.xml
[0.221s] Invoked command in '/home/pc/intelrb_ws/build/kinova_msgs' returned '0': CMAKE_PREFIX_PATH=${CMAKE_PREFIX_PATH}:/home/pc/intelrb_ws/install/kinova_control:/home/pc/soomac_ws/install/dongsoo_vision_pkg:/home/pc/soomac_ws/install/dongsoo_control_pkg:/home/pc/zrobot_ws/install/arm_test_pkg:/home/pc/cont_ws/install/torque_test_pkg:/home/pc/cont_ws/install/pid_pkg:/home/pc/cont_ws/install/finger_pkg:/home/pc/cont_ws/install/control_continuum:/home/pc/mg_motor_ws/install/mg_test_pkg:/home/pc/mg_motor_ws/install/mg_motor_test:/home/pc/mg_motor_ws/install/homework_pkg:/home/pc/mg_motor_ws/install/head_moving:/opt/ros/humble /usr/bin/cmake --install /home/pc/intelrb_ws/build/kinova_msgs
