[0.347s] Invoking command in '/home/pc/intelrb_ws/build/kinova_control': AMENT_PREFIX_PATH=/home/pc/intelrb_ws/install/kinova_msgs:${AMENT_PREFIX_PATH} CMAKE_PREFIX_PATH=/home/pc/intelrb_ws/install/kinova_msgs:${CMAKE_PREFIX_PATH} LD_LIBRARY_PATH=/home/pc/intelrb_ws/install/kinova_msgs/lib:${LD_LIBRARY_PATH} PYTHONPATH=/home/pc/intelrb_ws/build/kinova_control/prefix_override:/usr/lib/python3/dist-packages/colcon_core/task/python/colcon_distutils_commands:/home/pc/intelrb_ws/install/kinova_control/lib/python3.10/site-packages:/home/pc/intelrb_ws/install/kinova_msgs/local/lib/python3.10/dist-packages:${PYTHONPATH} /usr/bin/python3 -W ignore:setup.py install is deprecated -W ignore:easy_install command is deprecated setup.py develop --editable --build-directory /home/pc/intelrb_ws/build/kinova_control/build --no-deps symlink_data --force
[0.495s] running develop
[0.585s] running egg_info
[0.585s] writing kinova_control.egg-info/PKG-INFO
[0.585s] writing dependency_links to kinova_control.egg-info/dependency_links.txt
[0.585s] writing entry points to kinova_control.egg-info/entry_points.txt
[0.586s] writing requirements to kinova_control.egg-info/requires.txt
[0.586s] writing top-level names to kinova_control.egg-info/top_level.txt
[0.588s] reading manifest file 'kinova_control.egg-info/SOURCES.txt'
[0.588s] writing manifest file 'kinova_control.egg-info/SOURCES.txt'
[0.589s] running build_ext
[0.589s] Creating /home/pc/intelrb_ws/install/kinova_control/lib/python3.10/site-packages/kinova-control.egg-link (link to .)
[0.589s] Installing custom_vision script to /home/pc/intelrb_ws/install/kinova_control/lib/kinova_control
[0.589s] Installing kinova_client_node script to /home/pc/intelrb_ws/install/kinova_control/lib/kinova_control
[0.590s] Installing kinova_driver_node script to /home/pc/intelrb_ws/install/kinova_control/lib/kinova_control
[0.590s] Installing kinova_main_node script to /home/pc/intelrb_ws/install/kinova_control/lib/kinova_control
[0.590s] Installing vision_node script to /home/pc/intelrb_ws/install/kinova_control/lib/kinova_control
[0.590s] 
[0.590s] Installed /home/pc/intelrb_ws/build/kinova_control
[0.590s] running symlink_data
[0.590s] symbolically linking /home/pc/intelrb_ws/build/kinova_control/resource/kinova_control -> /home/pc/intelrb_ws/install/kinova_control/share/ament_index/resource_index/packages
[0.590s] symbolically linking /home/pc/intelrb_ws/build/kinova_control/package.xml -> /home/pc/intelrb_ws/install/kinova_control/share/kinova_control
[0.604s] Invoked command in '/home/pc/intelrb_ws/build/kinova_control' returned '0': AMENT_PREFIX_PATH=/home/pc/intelrb_ws/install/kinova_msgs:${AMENT_PREFIX_PATH} CMAKE_PREFIX_PATH=/home/pc/intelrb_ws/install/kinova_msgs:${CMAKE_PREFIX_PATH} LD_LIBRARY_PATH=/home/pc/intelrb_ws/install/kinova_msgs/lib:${LD_LIBRARY_PATH} PYTHONPATH=/home/pc/intelrb_ws/build/kinova_control/prefix_override:/usr/lib/python3/dist-packages/colcon_core/task/python/colcon_distutils_commands:/home/pc/intelrb_ws/install/kinova_control/lib/python3.10/site-packages:/home/pc/intelrb_ws/install/kinova_msgs/local/lib/python3.10/dist-packages:${PYTHONPATH} /usr/bin/python3 -W ignore:setup.py install is deprecated -W ignore:easy_install command is deprecated setup.py develop --editable --build-directory /home/pc/intelrb_ws/build/kinova_control/build --no-deps symlink_data --force
