[0.419s] Invoking command in '/home/pc/intelrb_ws/build/final_kinova': PYTHONPATH=/home/pc/intelrb_ws/build/final_kinova/prefix_override:/usr/lib/python3/dist-packages/colcon_core/task/python/colcon_distutils_commands:/home/pc/intelrb_ws/install/final_kinova/lib/python3.10/site-packages:${PYTHONPATH} /usr/bin/python3 -W ignore:setup.py install is deprecated -W ignore:easy_install command is deprecated setup.py develop --editable --build-directory /home/pc/intelrb_ws/build/final_kinova/build --no-deps symlink_data
[0.589s] running develop
[0.693s] running egg_info
[0.694s] writing final_kinova.egg-info/PKG-INFO
[0.694s] writing dependency_links to final_kinova.egg-info/dependency_links.txt
[0.694s] writing entry points to final_kinova.egg-info/entry_points.txt
[0.694s] writing requirements to final_kinova.egg-info/requires.txt
[0.694s] writing top-level names to final_kinova.egg-info/top_level.txt
[0.695s] reading manifest file 'final_kinova.egg-info/SOURCES.txt'
[0.695s] writing manifest file 'final_kinova.egg-info/SOURCES.txt'
[0.696s] running build_ext
[0.696s] Creating /home/pc/intelrb_ws/install/final_kinova/lib/python3.10/site-packages/final-kinova.egg-link (link to .)
[0.697s] Installing client script to /home/pc/intelrb_ws/install/final_kinova/lib/final_kinova
[0.697s] Installing driver script to /home/pc/intelrb_ws/install/final_kinova/lib/final_kinova
[0.697s] Installing main script to /home/pc/intelrb_ws/install/final_kinova/lib/final_kinova
[0.697s] Installing vision script to /home/pc/intelrb_ws/install/final_kinova/lib/final_kinova
[0.697s] 
[0.697s] Installed /home/pc/intelrb_ws/build/final_kinova
[0.697s] running symlink_data
[0.719s] Invoked command in '/home/pc/intelrb_ws/build/final_kinova' returned '0': PYTHONPATH=/home/pc/intelrb_ws/build/final_kinova/prefix_override:/usr/lib/python3/dist-packages/colcon_core/task/python/colcon_distutils_commands:/home/pc/intelrb_ws/install/final_kinova/lib/python3.10/site-packages:${PYTHONPATH} /usr/bin/python3 -W ignore:setup.py install is deprecated -W ignore:easy_install command is deprecated setup.py develop --editable --build-directory /home/pc/intelrb_ws/build/final_kinova/build --no-deps symlink_data
