[0.300s] Invoking command in '/home/pc/intelrb_ws/build/kinova_control': PYTHONPATH=/home/pc/intelrb_ws/build/kinova_control/prefix_override:/usr/lib/python3/dist-packages/colcon_core/task/python/colcon_distutils_commands:/home/pc/intelrb_ws/install/kinova_control/lib/python3.10/site-packages:${PYTHONPATH} /usr/bin/python3 -W ignore:setup.py install is deprecated -W ignore:easy_install command is deprecated setup.py develop --editable --build-directory /home/pc/intelrb_ws/build/kinova_control/build --no-deps symlink_data --force
[0.430s] running develop
[0.511s] running egg_info
[0.512s] writing kinova_control.egg-info/PKG-INFO
[0.512s] writing dependency_links to kinova_control.egg-info/dependency_links.txt
[0.512s] writing entry points to kinova_control.egg-info/entry_points.txt
[0.512s] writing requirements to kinova_control.egg-info/requires.txt
[0.512s] writing top-level names to kinova_control.egg-info/top_level.txt
[0.513s] reading manifest file 'kinova_control.egg-info/SOURCES.txt'
[0.513s] writing manifest file 'kinova_control.egg-info/SOURCES.txt'
[0.514s] running build_ext
[0.514s] Creating /home/pc/intelrb_ws/install/kinova_control/lib/python3.10/site-packages/kinova-control.egg-link (link to .)
[0.514s] Installing kinova_driver_node script to /home/pc/intelrb_ws/install/kinova_control/lib/kinova_control
[0.514s] Installing test_node script to /home/pc/intelrb_ws/install/kinova_control/lib/kinova_control
[0.514s] Installing vision_node script to /home/pc/intelrb_ws/install/kinova_control/lib/kinova_control
[0.514s] 
[0.515s] Installed /home/pc/intelrb_ws/build/kinova_control
[0.515s] running symlink_data
[0.515s] symbolically linking /home/pc/intelrb_ws/build/kinova_control/resource/kinova_control -> /home/pc/intelrb_ws/install/kinova_control/share/ament_index/resource_index/packages
[0.515s] symbolically linking /home/pc/intelrb_ws/build/kinova_control/package.xml -> /home/pc/intelrb_ws/install/kinova_control/share/kinova_control
[0.526s] Invoked command in '/home/pc/intelrb_ws/build/kinova_control' returned '0': PYTHONPATH=/home/pc/intelrb_ws/build/kinova_control/prefix_override:/usr/lib/python3/dist-packages/colcon_core/task/python/colcon_distutils_commands:/home/pc/intelrb_ws/install/kinova_control/lib/python3.10/site-packages:${PYTHONPATH} /usr/bin/python3 -W ignore:setup.py install is deprecated -W ignore:easy_install command is deprecated setup.py develop --editable --build-directory /home/pc/intelrb_ws/build/kinova_control/build --no-deps symlink_data --force
